This file contains any messages produced by compilers while
running configure, to aid debugging if configure makes a mistake.

It was created by expat configure 2.2.10, which was
generated by GNU Autoconf 2.69.  Invocation command line was

  $ ./configure --prefix=/home/pcisse200/tools2021 --no-create --no-recursion

## --------- ##
## Platform. ##
## --------- ##

hostname = DESKTOP-PBP5JUE
uname -m = x86_64
uname -r = 4.4.0-19041-Microsoft
uname -s = Linux
uname -v = #488-Microsoft Mon Sep 01 13:43:00 PST 2020

/usr/bin/uname -p = x86_64
/bin/uname -X     = unknown

/bin/arch              = x86_64
/usr/bin/arch -k       = unknown
/usr/convex/getsysinfo = unknown
/usr/bin/hostinfo      = unknown
/bin/machine           = unknown
/usr/bin/oslevel       = unknown
/bin/universe          = unknown

PATH: /root/.sdkman/candidates/java/current/bin
PATH: /usr/local/sbin
PATH: /usr/local/bin
PATH: /usr/sbin
PATH: /usr/bin
PATH: /sbin
PATH: /bin
PATH: /usr/games
PATH: /usr/local/games
PATH: /mnt/c/Program Files (x86)/Common Files/Oracle/Java/javapath
PATH: /mnt/c/Windows/system32
PATH: /mnt/c/Windows
PATH: /mnt/c/Windows/System32/Wbem
PATH: /mnt/c/Windows/System32/WindowsPowerShell/v1.0/
PATH: /mnt/c/Windows/System32/OpenSSH/
PATH: /mnt/c/Program Files/Git/cmd
PATH: /mnt/c/MinGW/bin
PATH: /mnt/c/Program Files/nodejs/
PATH: /mnt/c/Program Files/MongoDB/Server/4.4/bin
PATH: /mnt/c/Users/Utilisateur/AppData/Local/Android/Sdk
PATH: /mnt/c/Program Files/Android Studio
PATH: /mnt/c/Program Files/gradle-6.7.1/bin
PATH: /mnt/c/Program Files (x86)/Yarn/bin/
PATH: /mnt/c/Program Files/Docker/Docker/resources/bin
PATH: /mnt/c/ProgramData/DockerDesktop/version-bin
PATH: /mnt/c/Program Files/apache-maven-3.6.3/bin
PATH: /mnt/c/MinGW/mingw32/bin
PATH: /mnt/c/Program Files (x86)/GnuWin32/bin
PATH: /mnt/c/Program Files/Java/jdk1.8.0_271
PATH: /mnt/c/Users/Utilisateur/AppData/Local/Programs/Python/Python39/Scripts/
PATH: /mnt/c/Users/Utilisateur/AppData/Local/Programs/Python/Python39/
PATH: /mnt/c/Users/Utilisateur/AppData/Local/Microsoft/WindowsApps
PATH: /mnt/c/Users/Utilisateur/AppData/Local/Programs/Microsoft VS Code/bin
PATH: /mnt/c/Users/Utilisateur/AppData/Roaming/npm
PATH: /mnt/c/Users/Utilisateur/AppData/Local/Yarn/bin
PATH: /snap/bin
PATH: /usr/sbin


## ----------- ##
## Core tests. ##
## ----------- ##

configure:2505: checking build system type
configure:2519: result: x86_64-pc-linux-gnu
configure:2539: checking host system type
configure:2552: result: x86_64-pc-linux-gnu
configure:2588: checking for a BSD-compatible install
configure:2656: result: /usr/bin/install -c
configure:2667: checking whether build environment is sane
configure:2722: result: yes
configure:2871: checking for a thread-safe mkdir -p
configure:2910: result: /usr/bin/mkdir -p
configure:2917: checking for gawk
configure:2933: found /usr/bin/gawk
configure:2944: result: gawk
configure:2955: checking whether make sets $(MAKE)
configure:2977: result: yes
configure:3006: checking whether make supports nested variables
configure:3023: result: yes
configure:3180: : AM_CPPFLAGS="$AM_CPPFLAGS"
configure:3183: $? = 0
configure:3190: checking whether make supports the include directive
configure:3205: make -f confmf.GNU && cat confinc.out
make[1]: Entering directory '/home/pcisse200/tools2021/expat-2.2.10'
make[1]: Leaving directory '/home/pcisse200/tools2021/expat-2.2.10'
this is the am__doit target
configure:3208: $? = 0
configure:3227: result: yes (GNU style)
configure:3297: checking for gcc
configure:3313: found /usr/bin/gcc
configure:3324: result: gcc
configure:3553: checking for C compiler version
configure:3562: gcc --version >&5
gcc (Ubuntu 9.3.0-17ubuntu1~20.04) 9.3.0
Copyright (C) 2019 Free Software Foundation, Inc.
This is free software; see the source for copying conditions.  There is NO
warranty; not even for MERCHANTABILITY or FITNESS FOR A PARTICULAR PURPOSE.

configure:3573: $? = 0
configure:3562: gcc -v >&5
Using built-in specs.
COLLECT_GCC=gcc
COLLECT_LTO_WRAPPER=/usr/lib/gcc/x86_64-linux-gnu/9/lto-wrapper
OFFLOAD_TARGET_NAMES=nvptx-none:hsa
OFFLOAD_TARGET_DEFAULT=1
Target: x86_64-linux-gnu
Configured with: ../src/configure -v --with-pkgversion='Ubuntu 9.3.0-17ubuntu1~20.04' --with-bugurl=file:///usr/share/doc/gcc-9/README.Bugs --enable-languages=c,ada,c++,go,brig,d,fortran,objc,obj-c++,gm2 --prefix=/usr --with-gcc-major-version-only --program-suffix=-9 --program-prefix=x86_64-linux-gnu- --enable-shared --enable-linker-build-id --libexecdir=/usr/lib --without-included-gettext --enable-threads=posix --libdir=/usr/lib --enable-nls --enable-clocale=gnu --enable-libstdcxx-debug --enable-libstdcxx-time=yes --with-default-libstdcxx-abi=new --enable-gnu-unique-object --disable-vtable-verify --enable-plugin --enable-default-pie --with-system-zlib --with-target-system-zlib=auto --enable-objc-gc=auto --enable-multiarch --disable-werror --with-arch-32=i686 --with-abi=m64 --with-multilib-list=m32,m64,mx32 --enable-multilib --with-tune=generic --enable-offload-targets=nvptx-none=/build/gcc-9-HskZEa/gcc-9-9.3.0/debian/tmp-nvptx/usr,hsa --without-cuda-driver --enable-checking=release --build=x86_64-linux-gnu --host=x86_64-linux-gnu --target=x86_64-linux-gnu
Thread model: posix
gcc version 9.3.0 (Ubuntu 9.3.0-17ubuntu1~20.04) 
configure:3573: $? = 0
configure:3562: gcc -V >&5
gcc: error: unrecognized command line option '-V'
gcc: fatal error: no input files
compilation terminated.
configure:3573: $? = 1
configure:3562: gcc -qversion >&5
gcc: error: unrecognized command line option '-qversion'; did you mean '--version'?
gcc: fatal error: no input files
compilation terminated.
configure:3573: $? = 1
configure:3593: checking whether the C compiler works
configure:3615: gcc    conftest.c  >&5
configure:3619: $? = 0
configure:3667: result: yes
configure:3670: checking for C compiler default output file name
configure:3672: result: a.out
configure:3678: checking for suffix of executables
configure:3685: gcc -o conftest    conftest.c  >&5
configure:3689: $? = 0
configure:3711: result: 
configure:3733: checking whether we are cross compiling
configure:3741: gcc -o conftest    conftest.c  >&5
configure:3745: $? = 0
configure:3752: ./conftest
configure:3756: $? = 0
configure:3744: result: no
configure:3749: checking for suffix of object files
configure:3771: gcc -c   conftest.c >&5
configure:3775: $? = 0
configure:3796: result: o
configure:3800: checking whether we are using the GNU C compiler
configure:3819: gcc -c   conftest.c >&5
configure:3819: $? = 0
configure:3828: result: yes
configure:3837: checking whether gcc accepts -g
configure:3857: gcc -c -g  conftest.c >&5
configure:3857: $? = 0
configure:3898: result: yes
configure:3915: checking for gcc option to accept ISO C89
configure:3978: gcc  -c -g -O2  conftest.c >&5
configure:3978: $? = 0
configure:3991: result: none needed
configure:4016: checking whether gcc understands -c and -o together
configure:4038: gcc -c conftest.c -o conftest2.o
configure:4041: $? = 0
configure:4038: gcc -c conftest.c -o conftest2.o
configure:4041: $? = 0
configure:4053: result: yes
configure:4072: checking dependency style of gcc
configure:4183: result: gcc3
configure:4248: checking for ar
configure:4264: found /usr/bin/ar
configure:4275: result: ar
configure:4301: checking the archiver (ar) interface
configure:4317: gcc -c -g -O2  conftest.c >&5
configure:4317: $? = 0
configure:4319: ar cru libconftest.a conftest.o >&5
ar: `u' modifier ignored since `D' is the default (see `U')
configure:4322: $? = 0
configure:4321: result: ar
configure:4342: checking whether ln -s works
configure:4346: result: yes
configure:4353: checking whether make sets $(MAKE)
configure:4375: result: yes
configure:4432: checking how to print strings
configure:4459: result: printf
configure:4480: checking for a sed that does not truncate output
configure:4544: result: /usr/bin/sed
configure:4562: checking for grep that handles long lines and -e
configure:4620: result: /usr/bin/grep
configure:4625: checking for egrep
configure:4687: result: /usr/bin/grep -E
configure:4692: checking for fgrep
configure:4754: result: /usr/bin/grep -F
configure:4789: checking for ld used by gcc
configure:4856: result: /usr/bin/ld
configure:4863: checking if the linker (/usr/bin/ld) is GNU ld
configure:4878: result: yes
configure:4890: checking for BSD- or MS-compatible name lister (nm)
configure:4944: result: /usr/bin/nm -B
configure:5074: checking the name lister (/usr/bin/nm -B) interface
configure:5081: gcc -c -g -O2  conftest.c >&5
configure:5084: /usr/bin/nm -B "conftest.o"
configure:5087: output
0000000000000000 B some_variable
configure:5088: result: BSD nm
configure:5092: checking the maximum length of command line arguments
configure:5228: result: 1572864
configure:5276: checking how to convert x86_64-pc-linux-gnu file names to x86_64-pc-linux-gnu format
configure:5316: result: func_convert_file_noop
configure:5323: checking how to convert x86_64-pc-linux-gnu file names to toolchain format
configure:5343: result: func_convert_file_noop
configure:5350: checking for /usr/bin/ld option to reload object files
configure:5357: result: -r
configure:5431: checking for objdump
configure:5447: found /usr/bin/objdump
configure:5458: result: objdump
configure:5487: checking how to recognize dependent libraries
configure:5687: result: pass_all
configure:5772: checking for dlltool
configure:5802: result: no
configure:5829: checking how to associate runtime and link libraries
configure:5856: result: printf %s\n
configure:5980: checking for archiver @FILE support
configure:5997: gcc -c -g -O2  conftest.c >&5
configure:5997: $? = 0
configure:6000: ar cru libconftest.a @conftest.lst >&5
ar: `u' modifier ignored since `D' is the default (see `U')
configure:6003: $? = 0
configure:6008: ar cru libconftest.a @conftest.lst >&5
ar: `u' modifier ignored since `D' is the default (see `U')
ar: conftest.o: No such file or directory
configure:6011: $? = 1
configure:6010: result: @
configure:6068: checking for strip
configure:6084: found /usr/bin/strip
configure:6095: result: strip
configure:6167: checking for ranlib
configure:6183: found /usr/bin/ranlib
configure:6194: result: ranlib
configure:6296: checking command to parse /usr/bin/nm -B output from gcc object
configure:6449: gcc -c -g -O2  conftest.c >&5
configure:6452: $? = 0
configure:6456: /usr/bin/nm -B conftest.o \| sed -n -e 's/^.*[ ]\([ABCDGIRSTW][ABCDGIRSTW]*\)[ ][ ]*\([_A-Za-z][_A-Za-z0-9]*\)$/\1 \2 \2/p' | sed '/ __gnu_lto/d' \> conftest.nm
configure:6459: $? = 0
configure:6525: gcc -o conftest -g -O2   conftest.c conftstm.o >&5
configure:6528: $? = 0
configure:6566: result: ok
configure:6613: checking for sysroot
configure:6643: result: no
configure:6650: checking for a working dd
configure:6688: result: /usr/bin/dd
configure:6692: checking how to truncate binary pipes
configure:6707: result: /usr/bin/dd bs=4096 count=1
configure:6843: gcc -c -g -O2  conftest.c >&5
configure:6846: $? = 0
configure:7036: checking for mt
configure:7052: found /usr/bin/mt
configure:7063: result: mt
configure:7086: checking if mt is a manifest tool
configure:7092: mt '-?'
configure:7100: result: no
configure:7777: checking how to run the C preprocessor
configure:7808: gcc -E  conftest.c
configure:7808: $? = 0
configure:7822: gcc -E  conftest.c
conftest.c:11:10: fatal error: ac_nonexistent.h: No such file or directory
   11 | #include <ac_nonexistent.h>
      |          ^~~~~~~~~~~~~~~~~~
compilation terminated.
configure:7822: $? = 1
configure: failed program was:
| /* confdefs.h */
| #define PACKAGE_NAME "expat"
| #define PACKAGE_TARNAME "expat"
| #define PACKAGE_VERSION "2.2.10"
| #define PACKAGE_STRING "expat 2.2.10"
| #define PACKAGE_BUGREPORT "expat-bugs@libexpat.org"
| #define PACKAGE_URL ""
| #define PACKAGE "expat"
| #define VERSION "2.2.10"
| /* end confdefs.h.  */
| #include <ac_nonexistent.h>
configure:7847: result: gcc -E
configure:7867: gcc -E  conftest.c
configure:7867: $? = 0
configure:7881: gcc -E  conftest.c
conftest.c:11:10: fatal error: ac_nonexistent.h: No such file or directory
   11 | #include <ac_nonexistent.h>
      |          ^~~~~~~~~~~~~~~~~~
compilation terminated.
configure:7881: $? = 1
configure: failed program was:
| /* confdefs.h */
| #define PACKAGE_NAME "expat"
| #define PACKAGE_TARNAME "expat"
| #define PACKAGE_VERSION "2.2.10"
| #define PACKAGE_STRING "expat 2.2.10"
| #define PACKAGE_BUGREPORT "expat-bugs@libexpat.org"
| #define PACKAGE_URL ""
| #define PACKAGE "expat"
| #define VERSION "2.2.10"
| /* end confdefs.h.  */
| #include <ac_nonexistent.h>
configure:7910: checking for ANSI C header files
configure:7930: gcc -c -g -O2  conftest.c >&5
configure:7930: $? = 0
configure:8003: gcc -o conftest -g -O2   conftest.c  >&5
configure:8003: $? = 0
configure:8003: ./conftest
configure:8003: $? = 0
configure:8014: result: yes
configure:8027: checking for sys/types.h
configure:8027: gcc -c -g -O2  conftest.c >&5
configure:8027: $? = 0
configure:8027: result: yes
configure:8027: checking for sys/stat.h
configure:8027: gcc -c -g -O2  conftest.c >&5
configure:8027: $? = 0
configure:8027: result: yes
configure:8027: checking for stdlib.h
configure:8027: gcc -c -g -O2  conftest.c >&5
configure:8027: $? = 0
configure:8027: result: yes
configure:8027: checking for string.h
configure:8027: gcc -c -g -O2  conftest.c >&5
configure:8027: $? = 0
configure:8027: result: yes
configure:8027: checking for memory.h
configure:8027: gcc -c -g -O2  conftest.c >&5
configure:8027: $? = 0
configure:8027: result: yes
configure:8027: checking for strings.h
configure:8027: gcc -c -g -O2  conftest.c >&5
configure:8027: $? = 0
configure:8027: result: yes
configure:8027: checking for inttypes.h
configure:8027: gcc -c -g -O2  conftest.c >&5
configure:8027: $? = 0
configure:8027: result: yes
configure:8027: checking for stdint.h
configure:8027: gcc -c -g -O2  conftest.c >&5
configure:8027: $? = 0
configure:8027: result: yes
configure:8027: checking for unistd.h
configure:8027: gcc -c -g -O2  conftest.c >&5
configure:8027: $? = 0
configure:8027: result: yes
configure:8041: checking for dlfcn.h
configure:8041: gcc -c -g -O2  conftest.c >&5
configure:8041: $? = 0
configure:8041: result: yes
configure:8595: checking for objdir
configure:8610: result: .libs
configure:8874: checking if gcc supports -fno-rtti -fno-exceptions
configure:8892: gcc -c -g -O2  -fno-rtti -fno-exceptions conftest.c >&5
cc1: warning: command line option '-fno-rtti' is valid for C++/D/ObjC++ but not for C
configure:8896: $? = 0
configure:8909: result: no
configure:9267: checking for gcc option to produce PIC
configure:9274: result: -fPIC -DPIC
configure:9282: checking if gcc PIC flag -fPIC -DPIC works
configure:9300: gcc -c -g -O2  -fPIC -DPIC -DPIC conftest.c >&5
configure:9304: $? = 0
configure:9317: result: yes
configure:9346: checking if gcc static flag -static works
configure:9374: result: yes
configure:9389: checking if gcc supports -c -o file.o
configure:9410: gcc -c -g -O2  -o out/conftest2.o conftest.c >&5
configure:9414: $? = 0
configure:9436: result: yes
configure:9444: checking if gcc supports -c -o file.o
configure:9491: result: yes
configure:9524: checking whether the gcc linker (/usr/bin/ld -m elf_x86_64) supports shared libraries
configure:10783: result: yes
configure:10820: checking whether -lc should be explicitly linked in
configure:10828: gcc -c -g -O2  conftest.c >&5
configure:10831: $? = 0
configure:10846: gcc -shared  -fPIC -DPIC conftest.o  -v -Wl,-soname -Wl,conftest -o conftest 2\>\&1 \| /usr/bin/grep  -lc  \>/dev/null 2\>\&1
configure:10849: $? = 0
configure:10863: result: no
configure:11023: checking dynamic linker characteristics
configure:11617: gcc -o conftest -g -O2   -Wl,-rpath -Wl,/foo conftest.c  >&5
configure:11617: $? = 0
configure:11854: result: GNU/Linux ld.so
configure:11976: checking how to hardcode library paths into programs
configure:12001: result: immediate
configure:12549: checking whether stripping libraries is possible
configure:12554: result: yes
configure:12589: checking if libtool supports shared libraries
configure:12591: result: yes
configure:12594: checking whether to build shared libraries
configure:12619: result: yes
configure:12622: checking whether to build static libraries
configure:12626: result: yes
configure:9453: checking for gcc option to accept ISO C99
configure:9602: gcc  -c -g -O2  conftest.c >&5
configure:9602: $? = 0
configure:9615: result: none needed
configure:9638: checking whether C compiler accepts -Wall
configure:9650: gcc -c -g -O2  -Werror -Wall  conftest.c >&5
configure:9650: $? = 0
configure:9659: result: yes
configure:9686: : AM_CFLAGS="$AM_CFLAGS"
configure:9689: $? = 0
configure:9638: checking whether C compiler accepts -Wextra
configure:9650: gcc -c -g -O2  -Werror -Wextra  conftest.c >&5
configure:9650: $? = 0
configure:9659: result: yes
configure:9675: : AM_CFLAGS="$AM_CFLAGS"
configure:9678: $? = 0
configure:9706: checking whether C compiler accepts -fexceptions
configure:9718: gcc -c -g -O2  -Werror -fexceptions  conftest.c >&5
configure:9718: $? = 0
configure:9727: result: yes
configure:9743: : AM_CFLAGS="$AM_CFLAGS"
configure:9746: $? = 0
configure:9774: checking whether C compiler accepts -fno-strict-aliasing
configure:9786: gcc -c -g -O2  -Werror -fno-strict-aliasing  conftest.c >&5
configure:9786: $? = 0
configure:9795: result: yes
configure:9811: : AM_CFLAGS="$AM_CFLAGS"
configure:9814: $? = 0
configure:9774: checking whether C compiler accepts -Wmissing-prototypes
configure:9786: gcc -c -g -O2  -Werror -Wmissing-prototypes  conftest.c >&5
configure:9786: $? = 0
configure:9795: result: yes
configure:9811: : AM_CFLAGS="$AM_CFLAGS"
configure:9814: $? = 0
configure:9774: checking whether C compiler accepts -Wstrict-prototypes
configure:9786: gcc -c -g -O2  -Werror -Wstrict-prototypes  conftest.c >&5
configure:9786: $? = 0
configure:9795: result: yes
configure:9811: : AM_CFLAGS="$AM_CFLAGS"
configure:9814: $? = 0
configure:9842: checking whether C compiler accepts -pedantic
configure:9854: gcc -c -g -O2  -Werror -pedantic  conftest.c >&5
configure:9854: $? = 0
configure:9863: result: yes
configure:9879: : AM_CFLAGS="$AM_CFLAGS"
configure:9882: $? = 0
configure:9842: checking whether C compiler accepts -Wduplicated-cond
configure:9854: gcc -c -g -O2  -Werror -Wduplicated-cond  conftest.c >&5
configure:9854: $? = 0
configure:9863: result: yes
configure:9879: : AM_CFLAGS="$AM_CFLAGS"
configure:9882: $? = 0
configure:9842: checking whether C compiler accepts -Wduplicated-branches
configure:9854: gcc -c -g -O2  -Werror -Wduplicated-branches  conftest.c >&5
configure:9854: $? = 0
configure:9863: result: yes
configure:9879: : AM_CFLAGS="$AM_CFLAGS"
configure:9882: $? = 0
configure:9842: checking whether C compiler accepts -Wlogical-op
configure:9854: gcc -c -g -O2  -Werror -Wlogical-op  conftest.c >&5
configure:9854: $? = 0
configure:9863: result: yes
configure:9879: : AM_CFLAGS="$AM_CFLAGS"
configure:9882: $? = 0
configure:9910: checking whether C compiler accepts -Wrestrict
configure:9922: gcc -c -g -O2  -Werror -Wrestrict  conftest.c >&5
configure:9922: $? = 0
configure:9931: result: yes
configure:9947: : AM_CFLAGS="$AM_CFLAGS"
configure:9950: $? = 0
configure:9910: checking whether C compiler accepts -Wnull-dereference
configure:9922: gcc -c -g -O2  -Werror -Wnull-dereference  conftest.c >&5
configure:9922: $? = 0
configure:9931: result: yes
configure:9947: : AM_CFLAGS="$AM_CFLAGS"
configure:9950: $? = 0
configure:9910: checking whether C compiler accepts -Wjump-misses-init
configure:9922: gcc -c -g -O2  -Werror -Wjump-misses-init  conftest.c >&5
configure:9922: $? = 0
configure:9931: result: yes
configure:9947: : AM_CFLAGS="$AM_CFLAGS"
configure:9950: $? = 0
configure:9910: checking whether C compiler accepts -Wdouble-promotion
configure:9922: gcc -c -g -O2  -Werror -Wdouble-promotion  conftest.c >&5
configure:9922: $? = 0
configure:9931: result: yes
configure:9947: : AM_CFLAGS="$AM_CFLAGS"
configure:9950: $? = 0
configure:9978: checking whether C compiler accepts -Wshadow
configure:9990: gcc -c -g -O2  -Werror -Wshadow  conftest.c >&5
configure:9990: $? = 0
configure:9999: result: yes
configure:10015: : AM_CFLAGS="$AM_CFLAGS"
configure:10018: $? = 0
configure:9978: checking whether C compiler accepts -Wformat=2
configure:9990: gcc -c -g -O2  -Werror -Wformat=2  conftest.c >&5
configure:9990: $? = 0
configure:9999: result: yes
configure:10015: : AM_CFLAGS="$AM_CFLAGS"
configure:10018: $? = 0
configure:9978: checking whether C compiler accepts -Wmisleading-indentation
configure:9990: gcc -c -g -O2  -Werror -Wmisleading-indentation  conftest.c >&5
configure:9990: $? = 0
configure:9999: result: yes
configure:10015: : AM_CFLAGS="$AM_CFLAGS"
configure:10018: $? = 0
configure:10106: checking for g++
configure:10122: found /usr/bin/g++
configure:10133: result: g++
configure:10160: checking for C++ compiler version
configure:10169: g++ --version >&5
g++ (Ubuntu 9.3.0-17ubuntu1~20.04) 9.3.0
Copyright (C) 2019 Free Software Foundation, Inc.
This is free software; see the source for copying conditions.  There is NO
warranty; not even for MERCHANTABILITY or FITNESS FOR A PARTICULAR PURPOSE.

configure:10180: $? = 0
configure:10169: g++ -v >&5
Using built-in specs.
COLLECT_GCC=g++
COLLECT_LTO_WRAPPER=/usr/lib/gcc/x86_64-linux-gnu/9/lto-wrapper
OFFLOAD_TARGET_NAMES=nvptx-none:hsa
OFFLOAD_TARGET_DEFAULT=1
Target: x86_64-linux-gnu
Configured with: ../src/configure -v --with-pkgversion='Ubuntu 9.3.0-17ubuntu1~20.04' --with-bugurl=file:///usr/share/doc/gcc-9/README.Bugs --enable-languages=c,ada,c++,go,brig,d,fortran,objc,obj-c++,gm2 --prefix=/usr --with-gcc-major-version-only --program-suffix=-9 --program-prefix=x86_64-linux-gnu- --enable-shared --enable-linker-build-id --libexecdir=/usr/lib --without-included-gettext --enable-threads=posix --libdir=/usr/lib --enable-nls --enable-clocale=gnu --enable-libstdcxx-debug --enable-libstdcxx-time=yes --with-default-libstdcxx-abi=new --enable-gnu-unique-object --disable-vtable-verify --enable-plugin --enable-default-pie --with-system-zlib --with-target-system-zlib=auto --enable-objc-gc=auto --enable-multiarch --disable-werror --with-arch-32=i686 --with-abi=m64 --with-multilib-list=m32,m64,mx32 --enable-multilib --with-tune=generic --enable-offload-targets=nvptx-none=/build/gcc-9-HskZEa/gcc-9-9.3.0/debian/tmp-nvptx/usr,hsa --without-cuda-driver --enable-checking=release --build=x86_64-linux-gnu --host=x86_64-linux-gnu --target=x86_64-linux-gnu
Thread model: posix
gcc version 9.3.0 (Ubuntu 9.3.0-17ubuntu1~20.04) 
configure:10180: $? = 0
configure:10169: g++ -V >&5
g++: error: unrecognized command line option '-V'
g++: fatal error: no input files
compilation terminated.
configure:10180: $? = 1
configure:10169: g++ -qversion >&5
g++: error: unrecognized command line option '-qversion'; did you mean '--version'?
g++: fatal error: no input files
compilation terminated.
configure:10180: $? = 1
configure:10184: checking whether we are using the GNU C++ compiler
configure:10203: g++ -c   conftest.cpp >&5
configure:10203: $? = 0
configure:10212: result: yes
configure:10221: checking whether g++ accepts -g
configure:10241: g++ -c -g  conftest.cpp >&5
configure:10241: $? = 0
configure:10282: result: yes
configure:10307: checking dependency style of g++
configure:10418: result: gcc3
configure:10451: checking how to run the C++ preprocessor
configure:10478: g++ -E  conftest.cpp
configure:10478: $? = 0
configure:10492: g++ -E  conftest.cpp
conftest.cpp:23:10: fatal error: ac_nonexistent.h: No such file or directory
   23 | #include <ac_nonexistent.h>
      |          ^~~~~~~~~~~~~~~~~~
compilation terminated.
configure:10492: $? = 1
configure: failed program was:
| /* confdefs.h */
| #define PACKAGE_NAME "expat"
| #define PACKAGE_TARNAME "expat"
| #define PACKAGE_VERSION "2.2.10"
| #define PACKAGE_STRING "expat 2.2.10"
| #define PACKAGE_BUGREPORT "expat-bugs@libexpat.org"
| #define PACKAGE_URL ""
| #define PACKAGE "expat"
| #define VERSION "2.2.10"
| #define STDC_HEADERS 1
| #define HAVE_SYS_TYPES_H 1
| #define HAVE_SYS_STAT_H 1
| #define HAVE_STDLIB_H 1
| #define HAVE_STRING_H 1
| #define HAVE_MEMORY_H 1
| #define HAVE_STRINGS_H 1
| #define HAVE_INTTYPES_H 1
| #define HAVE_STDINT_H 1
| #define HAVE_UNISTD_H 1
| #define HAVE_DLFCN_H 1
| #define LT_OBJDIR ".libs/"
| /* end confdefs.h.  */
| #include <ac_nonexistent.h>
configure:10517: result: g++ -E
configure:10537: g++ -E  conftest.cpp
configure:10537: $? = 0
configure:10551: g++ -E  conftest.cpp
conftest.cpp:23:10: fatal error: ac_nonexistent.h: No such file or directory
   23 | #include <ac_nonexistent.h>
      |          ^~~~~~~~~~~~~~~~~~
compilation terminated.
configure:10551: $? = 1
configure: failed program was:
| /* confdefs.h */
| #define PACKAGE_NAME "expat"
| #define PACKAGE_TARNAME "expat"
| #define PACKAGE_VERSION "2.2.10"
| #define PACKAGE_STRING "expat 2.2.10"
| #define PACKAGE_BUGREPORT "expat-bugs@libexpat.org"
| #define PACKAGE_URL ""
| #define PACKAGE "expat"
| #define VERSION "2.2.10"
| #define STDC_HEADERS 1
| #define HAVE_SYS_TYPES_H 1
| #define HAVE_SYS_STAT_H 1
| #define HAVE_STDLIB_H 1
| #define HAVE_STRING_H 1
| #define HAVE_MEMORY_H 1
| #define HAVE_STRINGS_H 1
| #define HAVE_INTTYPES_H 1
| #define HAVE_STDINT_H 1
| #define HAVE_UNISTD_H 1
| #define HAVE_DLFCN_H 1
| #define LT_OBJDIR ".libs/"
| /* end confdefs.h.  */
| #include <ac_nonexistent.h>
configure:10713: checking for ld used by g++
configure:10780: result: /usr/bin/ld -m elf_x86_64
configure:10787: checking if the linker (/usr/bin/ld -m elf_x86_64) is GNU ld
configure:10802: result: yes
configure:10857: checking whether the g++ linker (/usr/bin/ld -m elf_x86_64) supports shared libraries
configure:11930: result: yes
configure:11966: g++ -c -g -O2  conftest.cpp >&5
configure:11969: $? = 0
configure:12450: checking for g++ option to produce PIC
configure:12457: result: -fPIC -DPIC
configure:12465: checking if g++ PIC flag -fPIC -DPIC works
configure:12483: g++ -c -g -O2  -fPIC -DPIC -DPIC conftest.cpp >&5
configure:12487: $? = 0
configure:12500: result: yes
configure:12523: checking if g++ static flag -static works
configure:12551: result: yes
configure:12563: checking if g++ supports -c -o file.o
configure:12584: g++ -c -g -O2  -o out/conftest2.o conftest.cpp >&5
configure:12588: $? = 0
configure:12610: result: yes
configure:12615: checking if g++ supports -c -o file.o
configure:12662: result: yes
configure:12692: checking whether the g++ linker (/usr/bin/ld -m elf_x86_64) supports shared libraries
configure:12732: result: yes
configure:12873: checking dynamic linker characteristics
configure:13631: result: GNU/Linux ld.so
configure:13696: checking how to hardcode library paths into programs
configure:13721: result: immediate
configure:12602: checking whether C++ compiler accepts -Wall
configure:12614: g++ -c -g -O2  -Werror -Wall  conftest.cpp >&5
configure:12614: $? = 0
configure:12623: result: yes
configure:12650: : AM_CXXFLAGS="$AM_CXXFLAGS"
configure:12653: $? = 0
configure:12602: checking whether C++ compiler accepts -Wextra
configure:12614: g++ -c -g -O2  -Werror -Wextra  conftest.cpp >&5
configure:12614: $? = 0
configure:12623: result: yes
configure:12639: : AM_CXXFLAGS="$AM_CXXFLAGS"
configure:12642: $? = 0
configure:12670: checking whether C++ compiler accepts -fexceptions
configure:12682: g++ -c -g -O2  -Werror -fexceptions  conftest.cpp >&5
configure:12682: $? = 0
configure:12691: result: yes
configure:12707: : AM_CXXFLAGS="$AM_CXXFLAGS"
configure:12710: $? = 0
configure:12738: checking whether C++ compiler accepts -fno-strict-aliasing
configure:12750: g++ -c -g -O2  -Werror -fno-strict-aliasing  conftest.cpp >&5
configure:12750: $? = 0
configure:12759: result: yes
configure:12775: : AM_CXXFLAGS="$AM_CXXFLAGS"
configure:12778: $? = 0
configure:12815: checking whether the linker accepts -fno-strict-aliasing
configure:12834: gcc -o conftest -g -O2    -fno-strict-aliasing conftest.c  >&5
configure:12834: $? = 0
configure:12844: result: yes
configure:12871: : AM_LDFLAGS="$AM_LDFLAGS"
configure:12874: $? = 0
configure:12899: checking whether compiler supports visibility
configure:12914: gcc -c -g -O2 -fvisibility=hidden -Wall -Werror -Wno-unknown-warning-option  conftest.c >&5
configure:12914: $? = 0
configure:12920: result: yes
configure:12937: : AM_CFLAGS="$AM_CFLAGS"
configure:12940: $? = 0
configure:12969: : AM_CPPFLAGS="$AM_CPPFLAGS"
configure:12972: $? = 0
configure:12990: checking for ANSI C header files
configure:13094: result: yes
configure:13104: checking whether byte ordering is bigendian
configure:13119: gcc -c -g -O2  conftest.c >&5
conftest.c:25:9: error: unknown type name 'not'
   25 |         not a universal capable compiler
      |         ^~~
conftest.c:25:15: error: expected '=', ',', ';', 'asm' or '__attribute__' before 'universal'
   25 |         not a universal capable compiler
      |               ^~~~~~~~~
conftest.c:25:15: error: unknown type name 'universal'
configure:13119: $? = 1
configure: failed program was:
| /* confdefs.h */
| #define PACKAGE_NAME "expat"
| #define PACKAGE_TARNAME "expat"
| #define PACKAGE_VERSION "2.2.10"
| #define PACKAGE_STRING "expat 2.2.10"
| #define PACKAGE_BUGREPORT "expat-bugs@libexpat.org"
| #define PACKAGE_URL ""
| #define PACKAGE "expat"
| #define VERSION "2.2.10"
| #define STDC_HEADERS 1
| #define HAVE_SYS_TYPES_H 1
| #define HAVE_SYS_STAT_H 1
| #define HAVE_STDLIB_H 1
| #define HAVE_STRING_H 1
| #define HAVE_MEMORY_H 1
| #define HAVE_STRINGS_H 1
| #define HAVE_INTTYPES_H 1
| #define HAVE_STDINT_H 1
| #define HAVE_UNISTD_H 1
| #define HAVE_DLFCN_H 1
| #define LT_OBJDIR ".libs/"
| #define STDC_HEADERS 1
| /* end confdefs.h.  */
| #ifndef __APPLE_CC__
| 	       not a universal capable compiler
| 	     #endif
| 	     typedef int dummy;
| 
configure:13164: gcc -c -g -O2  conftest.c >&5
configure:13164: $? = 0
configure:13182: gcc -c -g -O2  conftest.c >&5
conftest.c: In function 'main':
conftest.c:31:4: error: unknown type name 'not'; did you mean 'ino_t'?
   31 |    not big endian
      |    ^~~
      |    ino_t
conftest.c:31:12: error: expected '=', ',', ';', 'asm' or '__attribute__' before 'endian'
   31 |    not big endian
      |            ^~~~~~
configure:13182: $? = 1
configure: failed program was:
| /* confdefs.h */
| #define PACKAGE_NAME "expat"
| #define PACKAGE_TARNAME "expat"
| #define PACKAGE_VERSION "2.2.10"
| #define PACKAGE_STRING "expat 2.2.10"
| #define PACKAGE_BUGREPORT "expat-bugs@libexpat.org"
| #define PACKAGE_URL ""
| #define PACKAGE "expat"
| #define VERSION "2.2.10"
| #define STDC_HEADERS 1
| #define HAVE_SYS_TYPES_H 1
| #define HAVE_SYS_STAT_H 1
| #define HAVE_STDLIB_H 1
| #define HAVE_STRING_H 1
| #define HAVE_MEMORY_H 1
| #define HAVE_STRINGS_H 1
| #define HAVE_INTTYPES_H 1
| #define HAVE_STDINT_H 1
| #define HAVE_UNISTD_H 1
| #define HAVE_DLFCN_H 1
| #define LT_OBJDIR ".libs/"
| #define STDC_HEADERS 1
| /* end confdefs.h.  */
| #include <sys/types.h>
| 		#include <sys/param.h>
| 
| int
| main ()
| {
| #if BYTE_ORDER != BIG_ENDIAN
| 		 not big endian
| 		#endif
| 
|   ;
|   return 0;
| }
configure:13310: result: no
configure:13335: checking for an ANSI C-conforming const
configure:13401: gcc -c -g -O2  conftest.c >&5
configure:13401: $? = 0
configure:13408: result: yes
configure:13416: checking for size_t
configure:13416: gcc -c -g -O2  conftest.c >&5
configure:13416: $? = 0
configure:13416: gcc -c -g -O2  conftest.c >&5
conftest.c: In function 'main':
conftest.c:61:21: error: expected expression before ')' token
   61 | if (sizeof ((size_t)))
      |                     ^
configure:13416: $? = 1
configure: failed program was:
| /* confdefs.h */
| #define PACKAGE_NAME "expat"
| #define PACKAGE_TARNAME "expat"
| #define PACKAGE_VERSION "2.2.10"
| #define PACKAGE_STRING "expat 2.2.10"
| #define PACKAGE_BUGREPORT "expat-bugs@libexpat.org"
| #define PACKAGE_URL ""
| #define PACKAGE "expat"
| #define VERSION "2.2.10"
| #define STDC_HEADERS 1
| #define HAVE_SYS_TYPES_H 1
| #define HAVE_SYS_STAT_H 1
| #define HAVE_STDLIB_H 1
| #define HAVE_STRING_H 1
| #define HAVE_MEMORY_H 1
| #define HAVE_STRINGS_H 1
| #define HAVE_INTTYPES_H 1
| #define HAVE_STDINT_H 1
| #define HAVE_UNISTD_H 1
| #define HAVE_DLFCN_H 1
| #define LT_OBJDIR ".libs/"
| #define STDC_HEADERS 1
| #define BYTEORDER 1234
| /* end confdefs.h.  */
| #include <stdio.h>
| #ifdef HAVE_SYS_TYPES_H
| # include <sys/types.h>
| #endif
| #ifdef HAVE_SYS_STAT_H
| # include <sys/stat.h>
| #endif
| #ifdef STDC_HEADERS
| # include <stdlib.h>
| # include <stddef.h>
| #else
| # ifdef HAVE_STDLIB_H
| #  include <stdlib.h>
| # endif
| #endif
| #ifdef HAVE_STRING_H
| # if !defined STDC_HEADERS && defined HAVE_MEMORY_H
| #  include <memory.h>
| # endif
| # include <string.h>
| #endif
| #ifdef HAVE_STRINGS_H
| # include <strings.h>
| #endif
| #ifdef HAVE_INTTYPES_H
| # include <inttypes.h>
| #endif
| #ifdef HAVE_STDINT_H
| # include <stdint.h>
| #endif
| #ifdef HAVE_UNISTD_H
| # include <unistd.h>
| #endif
| int
| main ()
| {
| if (sizeof ((size_t)))
| 	    return 0;
|   ;
|   return 0;
| }
configure:13416: result: yes
configure:13567: checking for arc4random_buf (BSD or libbsd)
configure:13582: gcc -o conftest -g -O2   conftest.c  >&5
conftest.c: In function 'main':
conftest.c:31:7: warning: implicit declaration of function 'arc4random_buf' [-Wimplicit-function-declaration]
   31 |       arc4random_buf(NULL, 0U);
      |       ^~~~~~~~~~~~~~
/usr/bin/ld: /tmp/ccJNQYj3.o: in function `main':
/home/pcisse200/tools2021/expat-2.2.10/conftest.c:31: undefined reference to `arc4random_buf'
collect2: error: ld returned 1 exit status
configure:13582: $? = 1
configure: failed program was:
| /* confdefs.h */
| #define PACKAGE_NAME "expat"
| #define PACKAGE_TARNAME "expat"
| #define PACKAGE_VERSION "2.2.10"
| #define PACKAGE_STRING "expat 2.2.10"
| #define PACKAGE_BUGREPORT "expat-bugs@libexpat.org"
| #define PACKAGE_URL ""
| #define PACKAGE "expat"
| #define VERSION "2.2.10"
| #define STDC_HEADERS 1
| #define HAVE_SYS_TYPES_H 1
| #define HAVE_SYS_STAT_H 1
| #define HAVE_STDLIB_H 1
| #define HAVE_STRING_H 1
| #define HAVE_MEMORY_H 1
| #define HAVE_STRINGS_H 1
| #define HAVE_INTTYPES_H 1
| #define HAVE_STDINT_H 1
| #define HAVE_UNISTD_H 1
| #define HAVE_DLFCN_H 1
| #define LT_OBJDIR ".libs/"
| #define STDC_HEADERS 1
| #define BYTEORDER 1234
| /* end confdefs.h.  */
| 
|     #include <stdlib.h>  /* for arc4random_buf on BSD, for NULL */
|     #if defined(HAVE_LIBBSD)
|     # include <bsd/stdlib.h>
|     #endif
|     int main() {
|       arc4random_buf(NULL, 0U);
|       return 0;
|     }
| 
configure:13589: result: no
configure:13592: checking for arc4random (BSD, macOS or libbsd)
configure:13608: gcc -o conftest -g -O2   conftest.c  >&5
conftest.c: In function 'main':
conftest.c:32:11: warning: implicit declaration of function 'arc4random'; did you mean 'srandom'? [-Wimplicit-function-declaration]
   32 |           arc4random();
      |           ^~~~~~~~~~
      |           srandom
/usr/bin/ld: /tmp/ccGfMKU4.o: in function `main':
/home/pcisse200/tools2021/expat-2.2.10/conftest.c:32: undefined reference to `arc4random'
collect2: error: ld returned 1 exit status
configure:13608: $? = 1
configure: failed program was:
| /* confdefs.h */
| #define PACKAGE_NAME "expat"
| #define PACKAGE_TARNAME "expat"
| #define PACKAGE_VERSION "2.2.10"
| #define PACKAGE_STRING "expat 2.2.10"
| #define PACKAGE_BUGREPORT "expat-bugs@libexpat.org"
| #define PACKAGE_URL ""
| #define PACKAGE "expat"
| #define VERSION "2.2.10"
| #define STDC_HEADERS 1
| #define HAVE_SYS_TYPES_H 1
| #define HAVE_SYS_STAT_H 1
| #define HAVE_STDLIB_H 1
| #define HAVE_STRING_H 1
| #define HAVE_MEMORY_H 1
| #define HAVE_STRINGS_H 1
| #define HAVE_INTTYPES_H 1
| #define HAVE_STDINT_H 1
| #define HAVE_UNISTD_H 1
| #define HAVE_DLFCN_H 1
| #define LT_OBJDIR ".libs/"
| #define STDC_HEADERS 1
| #define BYTEORDER 1234
| /* end confdefs.h.  */
| 
|        #if defined(HAVE_LIBBSD)
|        # include <bsd/stdlib.h>
|        #else
|        # include <stdlib.h>
|        #endif
|        int main() {
|           arc4random();
|           return 0;
|        }
| 
configure:13615: result: no
configure:13634: checking for getrandom (Linux 3.17+, glibc 2.25+)
configure:13646: gcc -o conftest -g -O2   conftest.c  >&5
configure:13646: $? = 0
configure:13650: result: yes
configure:13673: checking for syscall SYS_getrandom (Linux 3.17+)
configure:13687: gcc -o conftest -g -O2   conftest.c  >&5
configure:13687: $? = 0
configure:13691: result: yes
configure:13707: checking fcntl.h usability
configure:13707: gcc -c -g -O2  conftest.c >&5
configure:13707: $? = 0
configure:13707: result: yes
configure:13707: checking fcntl.h presence
configure:13707: gcc -E  conftest.c
configure:13707: $? = 0
configure:13707: result: yes
configure:13707: checking for fcntl.h
configure:13707: result: yes
configure:13707: checking for unistd.h
configure:13707: result: yes
configure:13717: checking for off_t
configure:13717: gcc -c -g -O2  conftest.c >&5
configure:13717: $? = 0
configure:13717: gcc -c -g -O2  conftest.c >&5
conftest.c: In function 'main':
conftest.c:65:20: error: expected expression before ')' token
   65 | if (sizeof ((off_t)))
      |                    ^
configure:13717: $? = 1
configure: failed program was:
| /* confdefs.h */
| #define PACKAGE_NAME "expat"
| #define PACKAGE_TARNAME "expat"
| #define PACKAGE_VERSION "2.2.10"
| #define PACKAGE_STRING "expat 2.2.10"
| #define PACKAGE_BUGREPORT "expat-bugs@libexpat.org"
| #define PACKAGE_URL ""
| #define PACKAGE "expat"
| #define VERSION "2.2.10"
| #define STDC_HEADERS 1
| #define HAVE_SYS_TYPES_H 1
| #define HAVE_SYS_STAT_H 1
| #define HAVE_STDLIB_H 1
| #define HAVE_STRING_H 1
| #define HAVE_MEMORY_H 1
| #define HAVE_STRINGS_H 1
| #define HAVE_INTTYPES_H 1
| #define HAVE_STDINT_H 1
| #define HAVE_UNISTD_H 1
| #define HAVE_DLFCN_H 1
| #define LT_OBJDIR ".libs/"
| #define STDC_HEADERS 1
| #define BYTEORDER 1234
| #define HAVE_GETRANDOM 1
| #define HAVE_SYSCALL_GETRANDOM 1
| #define HAVE_FCNTL_H 1
| #define HAVE_UNISTD_H 1
| /* end confdefs.h.  */
| #include <stdio.h>
| #ifdef HAVE_SYS_TYPES_H
| # include <sys/types.h>
| #endif
| #ifdef HAVE_SYS_STAT_H
| # include <sys/stat.h>
| #endif
| #ifdef STDC_HEADERS
| # include <stdlib.h>
| # include <stddef.h>
| #else
| # ifdef HAVE_STDLIB_H
| #  include <stdlib.h>
| # endif
| #endif
| #ifdef HAVE_STRING_H
| # if !defined STDC_HEADERS && defined HAVE_MEMORY_H
| #  include <memory.h>
| # endif
| # include <string.h>
| #endif
| #ifdef HAVE_STRINGS_H
| # include <strings.h>
| #endif
| #ifdef HAVE_INTTYPES_H
| # include <inttypes.h>
| #endif
| #ifdef HAVE_STDINT_H
| # include <stdint.h>
| #endif
| #ifdef HAVE_UNISTD_H
| # include <unistd.h>
| #endif
| int
| main ()
| {
| if (sizeof ((off_t)))
| 	    return 0;
|   ;
|   return 0;
| }
configure:13717: result: yes
configure:13734: checking for stdlib.h
configure:13734: result: yes
configure:13734: checking for unistd.h
configure:13734: result: yes
configure:13734: checking for sys/param.h
configure:13734: gcc -c -g -O2  conftest.c >&5
configure:13734: $? = 0
configure:13734: result: yes
configure:13754: checking for getpagesize
configure:13754: gcc -o conftest -g -O2   conftest.c  >&5
configure:13754: $? = 0
configure:13754: result: yes
configure:13763: checking for working mmap
configure:13912: gcc -o conftest -g -O2   conftest.c  >&5
configure:13912: $? = 0
configure:13912: ./conftest
configure:13912: $? = 0
configure:13922: result: yes
configure:13995: checking for docbook2x-man
configure:14025: result: no
configure:13995: checking for db2x_docbook2man
configure:14025: result: no
configure:13995: checking for docbook2man
configure:14025: result: no
configure:13995: checking for docbook-to-man
configure:14025: result: no
configure:14170: checking that generated files are newer than configure
configure:14176: result: done
configure:14228: creating ./config.status
configure:16665:

Automake flags (can be overridden by user flags):
  AM_CPPFLAGS: -DHAVE_EXPAT_CONFIG_H -DXML_ENABLE_VISIBILITY=1
    AM_CFLAGS: -Wall -Wextra -fexceptions -fno-strict-aliasing -Wmissing-prototypes -Wstrict-prototypes -pedantic -Wduplicated-cond -Wduplicated-branches -Wlogical-op -Wrestrict -Wnull-dereference -Wjump-misses-init -Wdouble-promotion -Wshadow -Wformat=2 -Wmisleading-indentation -fvisibility=hidden
  AM_CXXFLAGS: -Wall -Wextra -fexceptions -fno-strict-aliasing
   AM_LDFLAGS: -fno-strict-aliasing

User flags (override Automake flags on conflict):
     CPPFLAGS: 
       CFLAGS: -g -O2
     CXXFLAGS: -g -O2
      LDFLAGS: 

## ---------------- ##
## Cache variables. ##
## ---------------- ##

ac_cv_build=x86_64-pc-linux-gnu
ac_cv_c_bigendian=no
ac_cv_c_compiler_gnu=yes
ac_cv_c_const=yes
ac_cv_cxx_compiler_gnu=yes
ac_cv_env_CCC_set=
ac_cv_env_CCC_value=
ac_cv_env_CC_set=
ac_cv_env_CC_value=
ac_cv_env_CFLAGS_set=
ac_cv_env_CFLAGS_value=
ac_cv_env_CPPFLAGS_set=
ac_cv_env_CPPFLAGS_value=
ac_cv_env_CPP_set=
ac_cv_env_CPP_value=
ac_cv_env_CXXCPP_set=
ac_cv_env_CXXCPP_value=
ac_cv_env_CXXFLAGS_set=
ac_cv_env_CXXFLAGS_value=
ac_cv_env_CXX_set=
ac_cv_env_CXX_value=
ac_cv_env_DOCBOOK_TO_MAN_set=
ac_cv_env_DOCBOOK_TO_MAN_value=
ac_cv_env_LDFLAGS_set=
ac_cv_env_LDFLAGS_value=
ac_cv_env_LIBS_set=
ac_cv_env_LIBS_value=
ac_cv_env_LT_SYS_LIBRARY_PATH_set=
ac_cv_env_LT_SYS_LIBRARY_PATH_value=
ac_cv_env_build_alias_set=
ac_cv_env_build_alias_value=
ac_cv_env_host_alias_set=
ac_cv_env_host_alias_value=
ac_cv_env_target_alias_set=
ac_cv_env_target_alias_value=
ac_cv_func_getpagesize=yes
ac_cv_func_mmap_fixed_mapped=yes
ac_cv_header_dlfcn_h=yes
ac_cv_header_fcntl_h=yes
ac_cv_header_inttypes_h=yes
ac_cv_header_memory_h=yes
ac_cv_header_stdc=yes
ac_cv_header_stdint_h=yes
ac_cv_header_stdlib_h=yes
ac_cv_header_string_h=yes
ac_cv_header_strings_h=yes
ac_cv_header_sys_param_h=yes
ac_cv_header_sys_stat_h=yes
ac_cv_header_sys_types_h=yes
ac_cv_header_unistd_h=yes
ac_cv_host=x86_64-pc-linux-gnu
ac_cv_objext=o
ac_cv_path_EGREP='/usr/bin/grep -E'
ac_cv_path_FGREP='/usr/bin/grep -F'
ac_cv_path_GREP=/usr/bin/grep
ac_cv_path_SED=/usr/bin/sed
ac_cv_path_install='/usr/bin/install -c'
ac_cv_path_lt_DD=/usr/bin/dd
ac_cv_path_mkdir=/usr/bin/mkdir
ac_cv_prog_AWK=gawk
ac_cv_prog_CPP='gcc -E'
ac_cv_prog_CXXCPP='g++ -E'
ac_cv_prog_ac_ct_AR=ar
ac_cv_prog_ac_ct_CC=gcc
ac_cv_prog_ac_ct_CXX=g++
ac_cv_prog_ac_ct_MANIFEST_TOOL=mt
ac_cv_prog_ac_ct_OBJDUMP=objdump
ac_cv_prog_ac_ct_RANLIB=ranlib
ac_cv_prog_ac_ct_STRIP=strip
ac_cv_prog_cc_c89=
ac_cv_prog_cc_c99=
ac_cv_prog_cc_g=yes
ac_cv_prog_cxx_g=yes
ac_cv_prog_make_make_set=yes
ac_cv_type_off_t=yes
ac_cv_type_size_t=yes
am_cv_CC_dependencies_compiler_type=gcc3
am_cv_CXX_dependencies_compiler_type=gcc3
am_cv_ar_interface=ar
am_cv_make_support_nested_variables=yes
am_cv_prog_cc_c_o=yes
ax_cv_check_cflags___Wall=yes
ax_cv_check_cflags___Wdouble_promotion=yes
ax_cv_check_cflags___Wduplicated_branches=yes
ax_cv_check_cflags___Wduplicated_cond=yes
ax_cv_check_cflags___Wextra=yes
ax_cv_check_cflags___Wformat_2=yes
ax_cv_check_cflags___Wjump_misses_init=yes
ax_cv_check_cflags___Wlogical_op=yes
ax_cv_check_cflags___Wmisleading_indentation=yes
ax_cv_check_cflags___Wmissing_prototypes=yes
ax_cv_check_cflags___Wnull_dereference=yes
ax_cv_check_cflags___Wrestrict=yes
ax_cv_check_cflags___Wshadow=yes
ax_cv_check_cflags___Wstrict_prototypes=yes
ax_cv_check_cflags___fexceptions=yes
ax_cv_check_cflags___fno_strict_aliasing=yes
ax_cv_check_cflags___pedantic=yes
ax_cv_check_cxxflags___Wall=yes
ax_cv_check_cxxflags___Wextra=yes
ax_cv_check_cxxflags___fexceptions=yes
ax_cv_check_cxxflags___fno_strict_aliasing=yes
ax_cv_check_ldflags___fno_strict_aliasing=yes
expatcfg_cv_compiler_supports_visibility=yes
lt_cv_ar_at_file=@
lt_cv_archive_cmds_need_lc=no
lt_cv_deplibs_check_method=pass_all
lt_cv_file_magic_cmd='$MAGIC_CMD'
lt_cv_file_magic_test_file=
lt_cv_ld_reload_flag=-r
lt_cv_nm_interface='BSD nm'
lt_cv_objdir=.libs
lt_cv_path_LD=/usr/bin/ld
lt_cv_path_LDCXX='/usr/bin/ld -m elf_x86_64'
lt_cv_path_NM='/usr/bin/nm -B'
lt_cv_path_mainfest_tool=no
lt_cv_prog_compiler_c_o=yes
lt_cv_prog_compiler_c_o_CXX=yes
lt_cv_prog_compiler_pic='-fPIC -DPIC'
lt_cv_prog_compiler_pic_CXX='-fPIC -DPIC'
lt_cv_prog_compiler_pic_works=yes
lt_cv_prog_compiler_pic_works_CXX=yes
lt_cv_prog_compiler_rtti_exceptions=no
lt_cv_prog_compiler_static_works=yes
lt_cv_prog_compiler_static_works_CXX=yes
lt_cv_prog_gnu_ld=yes
lt_cv_prog_gnu_ldcxx=yes
lt_cv_sharedlib_from_linklib_cmd='printf %s\n'
lt_cv_shlibpath_overrides_runpath=yes
lt_cv_sys_global_symbol_pipe='sed -n -e '\''s/^.*[	 ]\([ABCDGIRSTW][ABCDGIRSTW]*\)[	 ][	 ]*\([_A-Za-z][_A-Za-z0-9]*\)$/\1 \2 \2/p'\'' | sed '\''/ __gnu_lto/d'\'''
lt_cv_sys_global_symbol_to_c_name_address='sed -n -e '\''s/^: \(.*\) .*$/  {"\1", (void *) 0},/p'\'' -e '\''s/^[ABCDGIRSTW][ABCDGIRSTW]* .* \(.*\)$/  {"\1", (void *) \&\1},/p'\'''
lt_cv_sys_global_symbol_to_c_name_address_lib_prefix='sed -n -e '\''s/^: \(.*\) .*$/  {"\1", (void *) 0},/p'\'' -e '\''s/^[ABCDGIRSTW][ABCDGIRSTW]* .* \(lib.*\)$/  {"\1", (void *) \&\1},/p'\'' -e '\''s/^[ABCDGIRSTW][ABCDGIRSTW]* .* \(.*\)$/  {"lib\1", (void *) \&\1},/p'\'''
lt_cv_sys_global_symbol_to_cdecl='sed -n -e '\''s/^T .* \(.*\)$/extern int \1();/p'\'' -e '\''s/^[ABCDGIRSTW][ABCDGIRSTW]* .* \(.*\)$/extern char \1;/p'\'''
lt_cv_sys_global_symbol_to_import=
lt_cv_sys_max_cmd_len=1572864
lt_cv_to_host_file_cmd=func_convert_file_noop
lt_cv_to_tool_file_cmd=func_convert_file_noop
lt_cv_truncate_bin='/usr/bin/dd bs=4096 count=1'

## ----------------- ##
## Output variables. ##
## ----------------- ##

ACLOCAL='${SHELL} /home/pcisse200/tools2021/expat-2.2.10/conftools/missing aclocal-1.16'
AMDEPBACKSLASH='\'
AMDEP_FALSE='#'
AMDEP_TRUE=''
AMTAR='$${TAR-tar}'
AM_BACKSLASH='\'
AM_CFLAGS='-Wall -Wextra -fexceptions -fno-strict-aliasing -Wmissing-prototypes -Wstrict-prototypes -pedantic -Wduplicated-cond -Wduplicated-branches -Wlogical-op -Wrestrict -Wnull-dereference -Wjump-misses-init -Wdouble-promotion -Wshadow -Wformat=2 -Wmisleading-indentation -fvisibility=hidden'
AM_CPPFLAGS='-DHAVE_EXPAT_CONFIG_H -DXML_ENABLE_VISIBILITY=1'
AM_CXXFLAGS='-Wall -Wextra -fexceptions -fno-strict-aliasing'
AM_DEFAULT_V='$(AM_DEFAULT_VERBOSITY)'
AM_DEFAULT_VERBOSITY='1'
AM_LDFLAGS='-fno-strict-aliasing'
AM_V='$(V)'
AR='ar'
AS='as'
AUTOCONF='${SHELL} /home/pcisse200/tools2021/expat-2.2.10/conftools/missing autoconf'
AUTOHEADER='${SHELL} /home/pcisse200/tools2021/expat-2.2.10/conftools/missing autoheader'
AUTOMAKE='${SHELL} /home/pcisse200/tools2021/expat-2.2.10/conftools/missing automake-1.16'
AWK='gawk'
CC='gcc'
CCDEPMODE='depmode=gcc3'
CFLAGS='-g -O2'
CPP='gcc -E'
CPPFLAGS=''
CXX='g++'
CXXCPP='g++ -E'
CXXDEPMODE='depmode=gcc3'
CXXFLAGS='-g -O2'
CYGPATH_W='echo'
DEFS='-DHAVE_CONFIG_H'
DEPDIR='.deps'
DLLTOOL='false'
DOCBOOK_TO_MAN=''
DSYMUTIL=''
DUMPBIN=''
ECHO_C=''
ECHO_N='-n'
ECHO_T=''
EGREP='/usr/bin/grep -E'
EXEEXT=''
FGREP='/usr/bin/grep -F'
FILEMAP='unixfilemap'
GREP='/usr/bin/grep'
INSTALL_DATA='${INSTALL} -m 644'
INSTALL_PROGRAM='${INSTALL}'
INSTALL_SCRIPT='${INSTALL}'
INSTALL_STRIP_PROGRAM='$(install_sh) -c -s'
LD='/usr/bin/ld -m elf_x86_64'
LDFLAGS=''
LIBAGE='6'
LIBCURRENT='7'
LIBOBJS=''
LIBREVISION='12'
LIBS=''
LIBTOOL='$(SHELL) $(top_builddir)/libtool'
LIPO=''
LN_S='ln -s'
LTLIBOBJS=''
LT_SYS_LIBRARY_PATH=''
MAKEINFO='${SHELL} /home/pcisse200/tools2021/expat-2.2.10/conftools/missing makeinfo'
MANIFEST_TOOL=':'
MINGW_FALSE=''
MINGW_TRUE='#'
MKDIR_P='/usr/bin/mkdir -p'
NM='/usr/bin/nm -B'
NMEDIT=''
OBJDUMP='objdump'
OBJEXT='o'
OTOOL64=''
OTOOL=''
PACKAGE='expat'
PACKAGE_BUGREPORT='expat-bugs@libexpat.org'
PACKAGE_NAME='expat'
PACKAGE_STRING='expat 2.2.10'
PACKAGE_TARNAME='expat'
PACKAGE_URL=''
PACKAGE_VERSION='2.2.10'
PATH_SEPARATOR=':'
RANLIB='ranlib'
SED='/usr/bin/sed'
SET_MAKE=''
SHELL='/bin/bash'
STRIP='strip'
UNICODE_FALSE=''
UNICODE_TRUE='#'
VERSION='2.2.10'
WITH_DOCBOOK_FALSE=''
WITH_DOCBOOK_TRUE='#'
WITH_EXAMPLES_FALSE='#'
WITH_EXAMPLES_TRUE=''
WITH_TESTS_FALSE='#'
WITH_TESTS_TRUE=''
WITH_XMLWF_FALSE='#'
WITH_XMLWF_TRUE=''
_EXPAT_OUTPUT_NAME='expat'
ac_ct_AR='ar'
ac_ct_CC='gcc'
ac_ct_CXX='g++'
ac_ct_DUMPBIN=''
am__EXEEXT_FALSE=''
am__EXEEXT_TRUE='#'
am__fastdepCC_FALSE='#'
am__fastdepCC_TRUE=''
am__fastdepCXX_FALSE='#'
am__fastdepCXX_TRUE=''
am__include='include'
am__isrc=''
am__leading_dot='.'
am__nodep='_no'
am__quote=''
am__tar='$${TAR-tar} chof - "$$tardir"'
am__untar='$${TAR-tar} xf -'
bindir='${exec_prefix}/bin'
build='x86_64-pc-linux-gnu'
build_alias=''
build_cpu='x86_64'
build_os='linux-gnu'
build_vendor='pc'
datadir='${datarootdir}'
datarootdir='${prefix}/share'
docdir='${datarootdir}/doc/${PACKAGE_TARNAME}'
dvidir='${docdir}'
exec_prefix='${prefix}'
host='x86_64-pc-linux-gnu'
host_alias=''
host_cpu='x86_64'
host_os='linux-gnu'
host_vendor='pc'
htmldir='${docdir}'
includedir='${prefix}/include'
infodir='${datarootdir}/info'
install_sh='${SHELL} /home/pcisse200/tools2021/expat-2.2.10/conftools/install-sh'
libdir='${exec_prefix}/lib'
libexecdir='${exec_prefix}/libexec'
localedir='${datarootdir}/locale'
localstatedir='${prefix}/var'
mandir='${datarootdir}/man'
mkdir_p='$(MKDIR_P)'
oldincludedir='/usr/include'
pdfdir='${docdir}'
prefix='/home/pcisse200/tools2021'
program_transform_name='s,x,x,'
psdir='${docdir}'
runstatedir='${localstatedir}/run'
sbindir='${exec_prefix}/sbin'
sharedstatedir='${prefix}/com'
sysconfdir='${prefix}/etc'
target_alias=''

## ----------- ##
## confdefs.h. ##
## ----------- ##

/* confdefs.h */
#define PACKAGE_NAME "expat"
#define PACKAGE_TARNAME "expat"
#define PACKAGE_VERSION "2.2.10"
#define PACKAGE_STRING "expat 2.2.10"
#define PACKAGE_BUGREPORT "expat-bugs@libexpat.org"
#define PACKAGE_URL ""
#define PACKAGE "expat"
#define VERSION "2.2.10"
#define STDC_HEADERS 1
#define HAVE_SYS_TYPES_H 1
#define HAVE_SYS_STAT_H 1
#define HAVE_STDLIB_H 1
#define HAVE_STRING_H 1
#define HAVE_MEMORY_H 1
#define HAVE_STRINGS_H 1
#define HAVE_INTTYPES_H 1
#define HAVE_STDINT_H 1
#define HAVE_UNISTD_H 1
#define HAVE_DLFCN_H 1
#define LT_OBJDIR ".libs/"
#define STDC_HEADERS 1
#define BYTEORDER 1234
#define HAVE_GETRANDOM 1
#define HAVE_SYSCALL_GETRANDOM 1
#define HAVE_FCNTL_H 1
#define HAVE_UNISTD_H 1
#define HAVE_STDLIB_H 1
#define HAVE_UNISTD_H 1
#define HAVE_SYS_PARAM_H 1
#define HAVE_GETPAGESIZE 1
#define HAVE_MMAP 1
#define XML_NS 1
#define XML_DTD 1
#define XML_DEV_URANDOM 1
#define XML_CONTEXT_BYTES 1024

configure: exit 0

## ---------------------- ##
## Running config.status. ##
## ---------------------- ##

This file was extended by expat config.status 2.2.10, which was
generated by GNU Autoconf 2.69.  Invocation command line was

  CONFIG_FILES    = 
  CONFIG_HEADERS  = 
  CONFIG_LINKS    = 
  CONFIG_COMMANDS = 
  $ ./config.status 

on DESKTOP-PBP5JUE

config.status:1191: creating Makefile
config.status:1191: creating expat.pc
config.status:1191: creating doc/Makefile
config.status:1191: creating examples/Makefile
config.status:1191: creating lib/Makefile
config.status:1191: creating tests/Makefile
config.status:1191: creating tests/benchmark/Makefile
config.status:1191: creating xmlwf/Makefile
config.status:1191: creating run.sh
config.status:1191: creating expat_config.h
config.status:1372: expat_config.h is unchanged
config.status:1420: executing depfiles commands
config.status:1497: cd examples       && sed -e '/# am--include-marker/d' Makefile         | make -f - am--depfiles
make[1]: Entering directory '/home/pcisse200/tools2021/expat-2.2.10/examples'
make[1]: Nothing to be done for 'am--depfiles'.
make[1]: Leaving directory '/home/pcisse200/tools2021/expat-2.2.10/examples'
config.status:1502: $? = 0
config.status:1497: cd lib       && sed -e '/# am--include-marker/d' Makefile         | make -f - am--depfiles
make[1]: Entering directory '/home/pcisse200/tools2021/expat-2.2.10/lib'
make[1]: Nothing to be done for 'am--depfiles'.
make[1]: Leaving directory '/home/pcisse200/tools2021/expat-2.2.10/lib'
config.status:1502: $? = 0
config.status:1497: cd tests       && sed -e '/# am--include-marker/d' Makefile         | make -f - am--depfiles
make[1]: Entering directory '/home/pcisse200/tools2021/expat-2.2.10/tests'
make[1]: Nothing to be done for 'am--depfiles'.
make[1]: Leaving directory '/home/pcisse200/tools2021/expat-2.2.10/tests'
config.status:1502: $? = 0
config.status:1497: cd tests/benchmark       && sed -e '/# am--include-marker/d' Makefile         | make -f - am--depfiles
make[1]: Entering directory '/home/pcisse200/tools2021/expat-2.2.10/tests/benchmark'
make[1]: Nothing to be done for 'am--depfiles'.
make[1]: Leaving directory '/home/pcisse200/tools2021/expat-2.2.10/tests/benchmark'
config.status:1502: $? = 0
config.status:1497: cd xmlwf       && sed -e '/# am--include-marker/d' Makefile         | make -f - am--depfiles
make[1]: Entering directory '/home/pcisse200/tools2021/expat-2.2.10/xmlwf'
make[1]: Nothing to be done for 'am--depfiles'.
make[1]: Leaving directory '/home/pcisse200/tools2021/expat-2.2.10/xmlwf'
config.status:1502: $? = 0
config.status:1420: executing libtool commands

## ---------------------- ##
## Running config.status. ##
## ---------------------- ##

This file was extended by expat config.status 2.2.10, which was
generated by GNU Autoconf 2.69.  Invocation command line was

  CONFIG_FILES    = 
  CONFIG_HEADERS  = 
  CONFIG_LINKS    = 
  CONFIG_COMMANDS = 
  $ ./config.status expat_config.h

on DESKTOP-PBP5JUE

config.status:1191: creating expat_config.h
config.status:1372: expat_config.h is unchanged
