This file contains any messages produced by compilers while
running configure, to aid debugging if configure makes a mistake.

It was created by PCRE configure 8.44, which was
generated by GNU Autoconf 2.69.  Invocation command line was

  $ ./configure --prefix=/home/pcisse200/tools2021 --no-create --no-recursion

## --------- ##
## Platform. ##
## --------- ##

hostname = DESKTOP-PBP5JUE
uname -m = x86_64
uname -r = 4.4.0-19041-Microsoft
uname -s = Linux
uname -v = #488-Microsoft Mon Sep 01 13:43:00 PST 2020

/usr/bin/uname -p = x86_64
/bin/uname -X     = unknown

/bin/arch              = x86_64
/usr/bin/arch -k       = unknown
/usr/convex/getsysinfo = unknown
/usr/bin/hostinfo      = unknown
/bin/machine           = unknown
/usr/bin/oslevel       = unknown
/bin/universe          = unknown

PATH: /root/.sdkman/candidates/java/current/bin
PATH: /usr/local/sbin
PATH: /usr/local/bin
PATH: /usr/sbin
PATH: /usr/bin
PATH: /sbin
PATH: /bin
PATH: /usr/games
PATH: /usr/local/games
PATH: /mnt/c/Program Files (x86)/Common Files/Oracle/Java/javapath
PATH: /mnt/c/Windows/system32
PATH: /mnt/c/Windows
PATH: /mnt/c/Windows/System32/Wbem
PATH: /mnt/c/Windows/System32/WindowsPowerShell/v1.0/
PATH: /mnt/c/Windows/System32/OpenSSH/
PATH: /mnt/c/Program Files/Git/cmd
PATH: /mnt/c/MinGW/bin
PATH: /mnt/c/Program Files/nodejs/
PATH: /mnt/c/Program Files/MongoDB/Server/4.4/bin
PATH: /mnt/c/Users/Utilisateur/AppData/Local/Android/Sdk
PATH: /mnt/c/Program Files/Android Studio
PATH: /mnt/c/Program Files/gradle-6.7.1/bin
PATH: /mnt/c/Program Files (x86)/Yarn/bin/
PATH: /mnt/c/Program Files/Docker/Docker/resources/bin
PATH: /mnt/c/ProgramData/DockerDesktop/version-bin
PATH: /mnt/c/Program Files/apache-maven-3.6.3/bin
PATH: /mnt/c/MinGW/mingw32/bin
PATH: /mnt/c/Program Files (x86)/GnuWin32/bin
PATH: /mnt/c/Program Files/Java/jdk1.8.0_271
PATH: /mnt/c/Users/Utilisateur/AppData/Local/Programs/Python/Python39/Scripts/
PATH: /mnt/c/Users/Utilisateur/AppData/Local/Programs/Python/Python39/
PATH: /mnt/c/Users/Utilisateur/AppData/Local/Microsoft/WindowsApps
PATH: /mnt/c/Users/Utilisateur/AppData/Local/Programs/Microsoft VS Code/bin
PATH: /mnt/c/Users/Utilisateur/AppData/Roaming/npm
PATH: /mnt/c/Users/Utilisateur/AppData/Local/Yarn/bin
PATH: /snap/bin
PATH: /usr/sbin


## ----------- ##
## Core tests. ##
## ----------- ##

configure:2805: checking for a BSD-compatible install
configure:2873: result: /usr/bin/install -c
configure:2884: checking whether build environment is sane
configure:2939: result: yes
configure:3088: checking for a thread-safe mkdir -p
configure:3127: result: /usr/bin/mkdir -p
configure:3134: checking for gawk
configure:3150: found /usr/bin/gawk
configure:3161: result: gawk
configure:3172: checking whether make sets $(MAKE)
configure:3194: result: yes
configure:3223: checking whether make supports nested variables
configure:3240: result: yes
configure:3377: checking whether make supports nested variables
configure:3394: result: yes
configure:3413: checking whether make supports the include directive
configure:3428: make -f confmf.GNU && cat confinc.out
make[1]: Entering directory '/home/pcisse200/tools2021/pcre-8.44'
make[1]: Leaving directory '/home/pcisse200/tools2021/pcre-8.44'
this is the am__doit target
configure:3431: $? = 0
configure:3450: result: yes (GNU style)
configure:3520: checking for gcc
configure:3536: found /usr/bin/gcc
configure:3547: result: gcc
configure:3776: checking for C compiler version
configure:3785: gcc --version >&5
gcc (Ubuntu 9.3.0-17ubuntu1~20.04) 9.3.0
Copyright (C) 2019 Free Software Foundation, Inc.
This is free software; see the source for copying conditions.  There is NO
warranty; not even for MERCHANTABILITY or FITNESS FOR A PARTICULAR PURPOSE.

configure:3796: $? = 0
configure:3785: gcc -v >&5
Using built-in specs.
COLLECT_GCC=gcc
COLLECT_LTO_WRAPPER=/usr/lib/gcc/x86_64-linux-gnu/9/lto-wrapper
OFFLOAD_TARGET_NAMES=nvptx-none:hsa
OFFLOAD_TARGET_DEFAULT=1
Target: x86_64-linux-gnu
Configured with: ../src/configure -v --with-pkgversion='Ubuntu 9.3.0-17ubuntu1~20.04' --with-bugurl=file:///usr/share/doc/gcc-9/README.Bugs --enable-languages=c,ada,c++,go,brig,d,fortran,objc,obj-c++,gm2 --prefix=/usr --with-gcc-major-version-only --program-suffix=-9 --program-prefix=x86_64-linux-gnu- --enable-shared --enable-linker-build-id --libexecdir=/usr/lib --without-included-gettext --enable-threads=posix --libdir=/usr/lib --enable-nls --enable-clocale=gnu --enable-libstdcxx-debug --enable-libstdcxx-time=yes --with-default-libstdcxx-abi=new --enable-gnu-unique-object --disable-vtable-verify --enable-plugin --enable-default-pie --with-system-zlib --with-target-system-zlib=auto --enable-objc-gc=auto --enable-multiarch --disable-werror --with-arch-32=i686 --with-abi=m64 --with-multilib-list=m32,m64,mx32 --enable-multilib --with-tune=generic --enable-offload-targets=nvptx-none=/build/gcc-9-HskZEa/gcc-9-9.3.0/debian/tmp-nvptx/usr,hsa --without-cuda-driver --enable-checking=release --build=x86_64-linux-gnu --host=x86_64-linux-gnu --target=x86_64-linux-gnu
Thread model: posix
gcc version 9.3.0 (Ubuntu 9.3.0-17ubuntu1~20.04) 
configure:3796: $? = 0
configure:3785: gcc -V >&5
gcc: error: unrecognized command line option '-V'
gcc: fatal error: no input files
compilation terminated.
configure:3796: $? = 1
configure:3785: gcc -qversion >&5
gcc: error: unrecognized command line option '-qversion'; did you mean '--version'?
gcc: fatal error: no input files
compilation terminated.
configure:3796: $? = 1
configure:3816: checking whether the C compiler works
configure:3838: gcc    conftest.c  >&5
configure:3842: $? = 0
configure:3890: result: yes
configure:3893: checking for C compiler default output file name
configure:3895: result: a.out
configure:3901: checking for suffix of executables
configure:3908: gcc -o conftest    conftest.c  >&5
configure:3912: $? = 0
configure:3934: result: 
configure:3956: checking whether we are cross compiling
configure:3964: gcc -o conftest    conftest.c  >&5
configure:3968: $? = 0
configure:3975: ./conftest
configure:3979: $? = 0
configure:3967: result: no
configure:3972: checking for suffix of object files
configure:3994: gcc -c   conftest.c >&5
configure:3998: $? = 0
configure:4019: result: o
configure:4023: checking whether we are using the GNU C compiler
configure:4042: gcc -c   conftest.c >&5
configure:4042: $? = 0
configure:4051: result: yes
configure:4060: checking whether gcc accepts -g
configure:4080: gcc -c -g  conftest.c >&5
configure:4080: $? = 0
configure:4121: result: yes
configure:4138: checking for gcc option to accept ISO C89
configure:4201: gcc  -c -g -O2  conftest.c >&5
configure:4201: $? = 0
configure:4214: result: none needed
configure:4239: checking whether gcc understands -c and -o together
configure:4261: gcc -c conftest.c -o conftest2.o
configure:4264: $? = 0
configure:4261: gcc -c conftest.c -o conftest2.o
configure:4264: $? = 0
configure:4276: result: yes
configure:4295: checking dependency style of gcc
configure:4406: result: gcc3
configure:4471: checking for ar
configure:4487: found /usr/bin/ar
configure:4498: result: ar
configure:4524: checking the archiver (ar) interface
configure:4540: gcc -c -g -O2  conftest.c >&5
configure:4540: $? = 0
configure:4542: ar cru libconftest.a conftest.o >&5
ar: `u' modifier ignored since `D' is the default (see `U')
configure:4545: $? = 0
configure:4544: result: ar
configure:4629: checking for gcc
configure:4656: result: gcc
configure:4885: checking for C compiler version
configure:4894: gcc --version >&5
gcc (Ubuntu 9.3.0-17ubuntu1~20.04) 9.3.0
Copyright (C) 2019 Free Software Foundation, Inc.
This is free software; see the source for copying conditions.  There is NO
warranty; not even for MERCHANTABILITY or FITNESS FOR A PARTICULAR PURPOSE.

configure:4905: $? = 0
configure:4894: gcc -v >&5
Using built-in specs.
COLLECT_GCC=gcc
COLLECT_LTO_WRAPPER=/usr/lib/gcc/x86_64-linux-gnu/9/lto-wrapper
OFFLOAD_TARGET_NAMES=nvptx-none:hsa
OFFLOAD_TARGET_DEFAULT=1
Target: x86_64-linux-gnu
Configured with: ../src/configure -v --with-pkgversion='Ubuntu 9.3.0-17ubuntu1~20.04' --with-bugurl=file:///usr/share/doc/gcc-9/README.Bugs --enable-languages=c,ada,c++,go,brig,d,fortran,objc,obj-c++,gm2 --prefix=/usr --with-gcc-major-version-only --program-suffix=-9 --program-prefix=x86_64-linux-gnu- --enable-shared --enable-linker-build-id --libexecdir=/usr/lib --without-included-gettext --enable-threads=posix --libdir=/usr/lib --enable-nls --enable-clocale=gnu --enable-libstdcxx-debug --enable-libstdcxx-time=yes --with-default-libstdcxx-abi=new --enable-gnu-unique-object --disable-vtable-verify --enable-plugin --enable-default-pie --with-system-zlib --with-target-system-zlib=auto --enable-objc-gc=auto --enable-multiarch --disable-werror --with-arch-32=i686 --with-abi=m64 --with-multilib-list=m32,m64,mx32 --enable-multilib --with-tune=generic --enable-offload-targets=nvptx-none=/build/gcc-9-HskZEa/gcc-9-9.3.0/debian/tmp-nvptx/usr,hsa --without-cuda-driver --enable-checking=release --build=x86_64-linux-gnu --host=x86_64-linux-gnu --target=x86_64-linux-gnu
Thread model: posix
gcc version 9.3.0 (Ubuntu 9.3.0-17ubuntu1~20.04) 
configure:4905: $? = 0
configure:4894: gcc -V >&5
gcc: error: unrecognized command line option '-V'
gcc: fatal error: no input files
compilation terminated.
configure:4905: $? = 1
configure:4894: gcc -qversion >&5
gcc: error: unrecognized command line option '-qversion'; did you mean '--version'?
gcc: fatal error: no input files
compilation terminated.
configure:4905: $? = 1
configure:4909: checking whether we are using the GNU C compiler
configure:4937: result: yes
configure:4946: checking whether gcc accepts -g
configure:5007: result: yes
configure:5024: checking for gcc option to accept ISO C89
configure:5100: result: none needed
configure:5125: checking whether gcc understands -c and -o together
configure:5162: result: yes
configure:5181: checking dependency style of gcc
configure:5292: result: gcc3
configure:5365: checking for g++
configure:5381: found /usr/bin/g++
configure:5392: result: g++
configure:5419: checking for C++ compiler version
configure:5428: g++ --version >&5
g++ (Ubuntu 9.3.0-17ubuntu1~20.04) 9.3.0
Copyright (C) 2019 Free Software Foundation, Inc.
This is free software; see the source for copying conditions.  There is NO
warranty; not even for MERCHANTABILITY or FITNESS FOR A PARTICULAR PURPOSE.

configure:5439: $? = 0
configure:5428: g++ -v >&5
Using built-in specs.
COLLECT_GCC=g++
COLLECT_LTO_WRAPPER=/usr/lib/gcc/x86_64-linux-gnu/9/lto-wrapper
OFFLOAD_TARGET_NAMES=nvptx-none:hsa
OFFLOAD_TARGET_DEFAULT=1
Target: x86_64-linux-gnu
Configured with: ../src/configure -v --with-pkgversion='Ubuntu 9.3.0-17ubuntu1~20.04' --with-bugurl=file:///usr/share/doc/gcc-9/README.Bugs --enable-languages=c,ada,c++,go,brig,d,fortran,objc,obj-c++,gm2 --prefix=/usr --with-gcc-major-version-only --program-suffix=-9 --program-prefix=x86_64-linux-gnu- --enable-shared --enable-linker-build-id --libexecdir=/usr/lib --without-included-gettext --enable-threads=posix --libdir=/usr/lib --enable-nls --enable-clocale=gnu --enable-libstdcxx-debug --enable-libstdcxx-time=yes --with-default-libstdcxx-abi=new --enable-gnu-unique-object --disable-vtable-verify --enable-plugin --enable-default-pie --with-system-zlib --with-target-system-zlib=auto --enable-objc-gc=auto --enable-multiarch --disable-werror --with-arch-32=i686 --with-abi=m64 --with-multilib-list=m32,m64,mx32 --enable-multilib --with-tune=generic --enable-offload-targets=nvptx-none=/build/gcc-9-HskZEa/gcc-9-9.3.0/debian/tmp-nvptx/usr,hsa --without-cuda-driver --enable-checking=release --build=x86_64-linux-gnu --host=x86_64-linux-gnu --target=x86_64-linux-gnu
Thread model: posix
gcc version 9.3.0 (Ubuntu 9.3.0-17ubuntu1~20.04) 
configure:5439: $? = 0
configure:5428: g++ -V >&5
g++: error: unrecognized command line option '-V'
g++: fatal error: no input files
compilation terminated.
configure:5439: $? = 1
configure:5428: g++ -qversion >&5
g++: error: unrecognized command line option '-qversion'; did you mean '--version'?
g++: fatal error: no input files
compilation terminated.
configure:5439: $? = 1
configure:5443: checking whether we are using the GNU C++ compiler
configure:5462: g++ -c   conftest.cpp >&5
configure:5462: $? = 0
configure:5471: result: yes
configure:5480: checking whether g++ accepts -g
configure:5500: g++ -c -g  conftest.cpp >&5
configure:5500: $? = 0
configure:5541: result: yes
configure:5566: checking dependency style of g++
configure:5677: result: gcc3
configure:5736: g++ -c -O2  conftest.cpp >&5
configure:5736: $? = 0
configure:5755: checking how to run the C preprocessor
configure:5786: gcc -E  conftest.c
configure:5786: $? = 0
configure:5800: gcc -E  conftest.c
conftest.c:11:10: fatal error: ac_nonexistent.h: No such file or directory
   11 | #include <ac_nonexistent.h>
      |          ^~~~~~~~~~~~~~~~~~
compilation terminated.
configure:5800: $? = 1
configure: failed program was:
| /* confdefs.h */
| #define PACKAGE_NAME "PCRE"
| #define PACKAGE_TARNAME "pcre"
| #define PACKAGE_VERSION "8.44"
| #define PACKAGE_STRING "PCRE 8.44"
| #define PACKAGE_BUGREPORT ""
| #define PACKAGE_URL ""
| #define PACKAGE "pcre"
| #define VERSION "8.44"
| /* end confdefs.h.  */
| #include <ac_nonexistent.h>
configure:5825: result: gcc -E
configure:5845: gcc -E  conftest.c
configure:5845: $? = 0
configure:5859: gcc -E  conftest.c
conftest.c:11:10: fatal error: ac_nonexistent.h: No such file or directory
   11 | #include <ac_nonexistent.h>
      |          ^~~~~~~~~~~~~~~~~~
compilation terminated.
configure:5859: $? = 1
configure: failed program was:
| /* confdefs.h */
| #define PACKAGE_NAME "PCRE"
| #define PACKAGE_TARNAME "pcre"
| #define PACKAGE_VERSION "8.44"
| #define PACKAGE_STRING "PCRE 8.44"
| #define PACKAGE_BUGREPORT ""
| #define PACKAGE_URL ""
| #define PACKAGE "pcre"
| #define VERSION "8.44"
| /* end confdefs.h.  */
| #include <ac_nonexistent.h>
configure:5888: checking for grep that handles long lines and -e
configure:5946: result: /usr/bin/grep
configure:5951: checking for egrep
configure:6013: result: /usr/bin/grep -E
configure:6018: checking for ANSI C header files
configure:6038: gcc -c -g -O2  conftest.c >&5
configure:6038: $? = 0
configure:6111: gcc -o conftest -g -O2   conftest.c  >&5
configure:6111: $? = 0
configure:6111: ./conftest
configure:6111: $? = 0
configure:6122: result: yes
configure:6135: checking for sys/types.h
configure:6135: gcc -c -g -O2  conftest.c >&5
configure:6135: $? = 0
configure:6135: result: yes
configure:6135: checking for sys/stat.h
configure:6135: gcc -c -g -O2  conftest.c >&5
configure:6135: $? = 0
configure:6135: result: yes
configure:6135: checking for stdlib.h
configure:6135: gcc -c -g -O2  conftest.c >&5
configure:6135: $? = 0
configure:6135: result: yes
configure:6135: checking for string.h
configure:6135: gcc -c -g -O2  conftest.c >&5
configure:6135: $? = 0
configure:6135: result: yes
configure:6135: checking for memory.h
configure:6135: gcc -c -g -O2  conftest.c >&5
configure:6135: $? = 0
configure:6135: result: yes
configure:6135: checking for strings.h
configure:6135: gcc -c -g -O2  conftest.c >&5
configure:6135: $? = 0
configure:6135: result: yes
configure:6135: checking for inttypes.h
configure:6135: gcc -c -g -O2  conftest.c >&5
configure:6135: $? = 0
configure:6135: result: yes
configure:6135: checking for stdint.h
configure:6135: gcc -c -g -O2  conftest.c >&5
configure:6135: $? = 0
configure:6135: result: yes
configure:6135: checking for unistd.h
configure:6135: gcc -c -g -O2  conftest.c >&5
configure:6135: $? = 0
configure:6135: result: yes
configure:6147: checking for int64_t
configure:6147: gcc -c -g -O2  conftest.c >&5
configure:6147: $? = 0
configure:6147: gcc -c -g -O2  conftest.c >&5
conftest.c: In function 'main':
conftest.c:59:53: warning: integer overflow in expression of type 'long int' results in '-9223372036854775808' [-Woverflow]
   59 |    < (int64_t) (((((int64_t) 1 << N) << N) - 1) * 2 + 2))];
      |                                                     ^
conftest.c:58:12: error: storage size of 'test_array' isn't constant
   58 | static int test_array [1 - 2 * !((int64_t) (((((int64_t) 1 << N) << N) - 1) * 2 + 1)
      |            ^~~~~~~~~~
configure:6147: $? = 1
configure: failed program was:
| /* confdefs.h */
| #define PACKAGE_NAME "PCRE"
| #define PACKAGE_TARNAME "pcre"
| #define PACKAGE_VERSION "8.44"
| #define PACKAGE_STRING "PCRE 8.44"
| #define PACKAGE_BUGREPORT ""
| #define PACKAGE_URL ""
| #define PACKAGE "pcre"
| #define VERSION "8.44"
| #define STDC_HEADERS 1
| #define HAVE_SYS_TYPES_H 1
| #define HAVE_SYS_STAT_H 1
| #define HAVE_STDLIB_H 1
| #define HAVE_STRING_H 1
| #define HAVE_MEMORY_H 1
| #define HAVE_STRINGS_H 1
| #define HAVE_INTTYPES_H 1
| #define HAVE_STDINT_H 1
| #define HAVE_UNISTD_H 1
| /* end confdefs.h.  */
| #include <stdio.h>
| #ifdef HAVE_SYS_TYPES_H
| # include <sys/types.h>
| #endif
| #ifdef HAVE_SYS_STAT_H
| # include <sys/stat.h>
| #endif
| #ifdef STDC_HEADERS
| # include <stdlib.h>
| # include <stddef.h>
| #else
| # ifdef HAVE_STDLIB_H
| #  include <stdlib.h>
| # endif
| #endif
| #ifdef HAVE_STRING_H
| # if !defined STDC_HEADERS && defined HAVE_MEMORY_H
| #  include <memory.h>
| # endif
| # include <string.h>
| #endif
| #ifdef HAVE_STRINGS_H
| # include <strings.h>
| #endif
| #ifdef HAVE_INTTYPES_H
| # include <inttypes.h>
| #endif
| #ifdef HAVE_STDINT_H
| # include <stdint.h>
| #endif
| #ifdef HAVE_UNISTD_H
| # include <unistd.h>
| #endif
| 	        enum { N = 64 / 2 - 1 };
| int
| main ()
| {
| static int test_array [1 - 2 * !((int64_t) (((((int64_t) 1 << N) << N) - 1) * 2 + 1)
| 		 < (int64_t) (((((int64_t) 1 << N) << N) - 1) * 2 + 2))];
| test_array [0] = 0;
| return test_array [0];
| 
|   ;
|   return 0;
| }
configure:6147: result: yes
configure:6164: checking build system type
configure:6178: result: x86_64-pc-linux-gnu
configure:6198: checking host system type
configure:6211: result: x86_64-pc-linux-gnu
configure:6580: checking how to print strings
configure:6607: result: printf
configure:6628: checking for a sed that does not truncate output
configure:6692: result: /usr/bin/sed
configure:6710: checking for fgrep
configure:6772: result: /usr/bin/grep -F
configure:6807: checking for ld used by gcc
configure:6874: result: /usr/bin/ld
configure:6881: checking if the linker (/usr/bin/ld) is GNU ld
configure:6896: result: yes
configure:6908: checking for BSD- or MS-compatible name lister (nm)
configure:6962: result: /usr/bin/nm -B
configure:7092: checking the name lister (/usr/bin/nm -B) interface
configure:7099: gcc -c -g -O2  conftest.c >&5
configure:7102: /usr/bin/nm -B "conftest.o"
configure:7105: output
0000000000000000 B some_variable
configure:7106: result: BSD nm
configure:7109: checking whether ln -s works
configure:7113: result: yes
configure:7121: checking the maximum length of command line arguments
configure:7252: result: 1572864
configure:7300: checking how to convert x86_64-pc-linux-gnu file names to x86_64-pc-linux-gnu format
configure:7340: result: func_convert_file_noop
configure:7347: checking how to convert x86_64-pc-linux-gnu file names to toolchain format
configure:7367: result: func_convert_file_noop
configure:7374: checking for /usr/bin/ld option to reload object files
configure:7381: result: -r
configure:7455: checking for objdump
configure:7482: result: objdump
configure:7511: checking how to recognize dependent libraries
configure:7711: result: pass_all
configure:7796: checking for dlltool
configure:7823: result: dlltool
configure:7853: checking how to associate runtime and link libraries
configure:7880: result: printf %s\n
configure:8020: checking for archiver @FILE support
configure:8037: gcc -c -g -O2  conftest.c >&5
configure:8037: $? = 0
configure:8040: ar cr libconftest.a @conftest.lst >&5
configure:8043: $? = 0
configure:8048: ar cr libconftest.a @conftest.lst >&5
ar: conftest.o: No such file or directory
configure:8051: $? = 1
configure:8050: result: @
configure:8108: checking for strip
configure:8124: found /usr/bin/strip
configure:8135: result: strip
configure:8207: checking for ranlib
configure:8223: found /usr/bin/ranlib
configure:8234: result: ranlib
configure:8336: checking command to parse /usr/bin/nm -B output from gcc object
configure:8489: gcc -c -g -O2  conftest.c >&5
configure:8492: $? = 0
configure:8496: /usr/bin/nm -B conftest.o \| sed -n -e 's/^.*[ ]\([ABCDGIRSTW][ABCDGIRSTW]*\)[ ][ ]*\([_A-Za-z][_A-Za-z0-9]*\)$/\1 \2 \2/p' | sed '/ __gnu_lto/d' \> conftest.nm
configure:8499: $? = 0
configure:8565: gcc -o conftest -g -O2   conftest.c conftstm.o >&5
configure:8568: $? = 0
configure:8606: result: ok
configure:8653: checking for sysroot
configure:8683: result: no
configure:8690: checking for a working dd
configure:8728: result: /usr/bin/dd
configure:8732: checking how to truncate binary pipes
configure:8747: result: /usr/bin/dd bs=4096 count=1
configure:8883: gcc -c -g -O2  conftest.c >&5
configure:8886: $? = 0
configure:9076: checking for mt
configure:9092: found /usr/bin/mt
configure:9103: result: mt
configure:9126: checking if mt is a manifest tool
configure:9132: mt '-?'
configure:9140: result: no
configure:9814: checking for dlfcn.h
configure:9814: gcc -c -g -O2  conftest.c >&5
configure:9814: $? = 0
configure:9814: result: yes
configure:10078: checking for objdir
configure:10093: result: .libs
configure:10357: checking if gcc supports -fno-rtti -fno-exceptions
configure:10375: gcc -c -g -O2  -fno-rtti -fno-exceptions conftest.c >&5
cc1: warning: command line option '-fno-rtti' is valid for C++/D/ObjC++ but not for C
configure:10379: $? = 0
configure:10392: result: no
configure:10750: checking for gcc option to produce PIC
configure:10757: result: -fPIC -DPIC
configure:10765: checking if gcc PIC flag -fPIC -DPIC works
configure:10783: gcc -c -g -O2  -fPIC -DPIC -DPIC conftest.c >&5
configure:10787: $? = 0
configure:10800: result: yes
configure:10829: checking if gcc static flag -static works
configure:10857: result: yes
configure:10872: checking if gcc supports -c -o file.o
configure:10893: gcc -c -g -O2  -o out/conftest2.o conftest.c >&5
configure:10897: $? = 0
configure:10919: result: yes
configure:10927: checking if gcc supports -c -o file.o
configure:10974: result: yes
configure:11007: checking whether the gcc linker (/usr/bin/ld -m elf_x86_64) supports shared libraries
configure:12268: result: yes
configure:12305: checking whether -lc should be explicitly linked in
configure:12313: gcc -c -g -O2  conftest.c >&5
configure:12316: $? = 0
configure:12331: gcc -shared  -fPIC -DPIC conftest.o  -v -Wl,-soname -Wl,conftest -o conftest 2\>\&1 \| /usr/bin/grep  -lc  \>/dev/null 2\>\&1
configure:12334: $? = 0
configure:12348: result: no
configure:12508: checking dynamic linker characteristics
configure:13089: gcc -o conftest -g -O2   -Wl,-rpath -Wl,/foo conftest.c  >&5
configure:13089: $? = 0
configure:13326: result: GNU/Linux ld.so
configure:13448: checking how to hardcode library paths into programs
configure:13473: result: immediate
configure:14021: checking whether stripping libraries is possible
configure:14030: result: yes
configure:14072: checking if libtool supports shared libraries
configure:14074: result: yes
configure:14077: checking whether to build shared libraries
configure:14102: result: yes
configure:14105: checking whether to build static libraries
configure:14109: result: yes
configure:10911: checking how to run the C++ preprocessor
configure:10938: g++ -E  conftest.cpp
configure:10938: $? = 0
configure:10952: g++ -E  conftest.cpp
conftest.cpp:23:10: fatal error: ac_nonexistent.h: No such file or directory
   23 | #include <ac_nonexistent.h>
      |          ^~~~~~~~~~~~~~~~~~
compilation terminated.
configure:10952: $? = 1
configure: failed program was:
| /* confdefs.h */
| #define PACKAGE_NAME "PCRE"
| #define PACKAGE_TARNAME "pcre"
| #define PACKAGE_VERSION "8.44"
| #define PACKAGE_STRING "PCRE 8.44"
| #define PACKAGE_BUGREPORT ""
| #define PACKAGE_URL ""
| #define PACKAGE "pcre"
| #define VERSION "8.44"
| #define STDC_HEADERS 1
| #define HAVE_SYS_TYPES_H 1
| #define HAVE_SYS_STAT_H 1
| #define HAVE_STDLIB_H 1
| #define HAVE_STRING_H 1
| #define HAVE_MEMORY_H 1
| #define HAVE_STRINGS_H 1
| #define HAVE_INTTYPES_H 1
| #define HAVE_STDINT_H 1
| #define HAVE_UNISTD_H 1
| #define HAVE_DLFCN_H 1
| #define LT_OBJDIR ".libs/"
| /* end confdefs.h.  */
| #include <ac_nonexistent.h>
configure:10977: result: g++ -E
configure:10997: g++ -E  conftest.cpp
configure:10997: $? = 0
configure:11011: g++ -E  conftest.cpp
conftest.cpp:23:10: fatal error: ac_nonexistent.h: No such file or directory
   23 | #include <ac_nonexistent.h>
      |          ^~~~~~~~~~~~~~~~~~
compilation terminated.
configure:11011: $? = 1
configure: failed program was:
| /* confdefs.h */
| #define PACKAGE_NAME "PCRE"
| #define PACKAGE_TARNAME "pcre"
| #define PACKAGE_VERSION "8.44"
| #define PACKAGE_STRING "PCRE 8.44"
| #define PACKAGE_BUGREPORT ""
| #define PACKAGE_URL ""
| #define PACKAGE "pcre"
| #define VERSION "8.44"
| #define STDC_HEADERS 1
| #define HAVE_SYS_TYPES_H 1
| #define HAVE_SYS_STAT_H 1
| #define HAVE_STDLIB_H 1
| #define HAVE_STRING_H 1
| #define HAVE_MEMORY_H 1
| #define HAVE_STRINGS_H 1
| #define HAVE_INTTYPES_H 1
| #define HAVE_STDINT_H 1
| #define HAVE_UNISTD_H 1
| #define HAVE_DLFCN_H 1
| #define LT_OBJDIR ".libs/"
| /* end confdefs.h.  */
| #include <ac_nonexistent.h>
configure:11173: checking for ld used by g++
configure:11240: result: /usr/bin/ld -m elf_x86_64
configure:11247: checking if the linker (/usr/bin/ld -m elf_x86_64) is GNU ld
configure:11262: result: yes
configure:11317: checking whether the g++ linker (/usr/bin/ld -m elf_x86_64) supports shared libraries
configure:12391: result: yes
configure:12427: g++ -c -O2  conftest.cpp >&5
configure:12430: $? = 0
configure:12911: checking for g++ option to produce PIC
configure:12918: result: -fPIC -DPIC
configure:12926: checking if g++ PIC flag -fPIC -DPIC works
configure:12944: g++ -c -O2  -fPIC -DPIC -DPIC conftest.cpp >&5
configure:12948: $? = 0
configure:12961: result: yes
configure:12984: checking if g++ static flag -static works
configure:13012: result: yes
configure:13024: checking if g++ supports -c -o file.o
configure:13045: g++ -c -O2  -o out/conftest2.o conftest.cpp >&5
configure:13049: $? = 0
configure:13071: result: yes
configure:13076: checking if g++ supports -c -o file.o
configure:13123: result: yes
configure:13153: checking whether the g++ linker (/usr/bin/ld -m elf_x86_64) supports shared libraries
configure:13193: result: yes
configure:13334: checking dynamic linker characteristics
configure:14079: result: GNU/Linux ld.so
configure:14144: checking how to hardcode library paths into programs
configure:14169: result: immediate
configure:13076: checking whether ln -s works
configure:13080: result: yes
configure:13096: checking whether the -Werror option is usable
configure:13115: gcc -c -g -O2 -Werror  conftest.c >&5
configure:13115: $? = 0
configure:13124: result: yes
configure:13126: checking for simple visibility declarations
configure:13153: gcc -c -g -O2 -fvisibility=hidden -Werror  conftest.c >&5
configure:13153: $? = 0
configure:13162: result: yes
configure:13660: checking for ANSI C header files
configure:13764: result: yes
configure:13775: checking limits.h usability
configure:13775: gcc -c -g -O2  conftest.c >&5
configure:13775: $? = 0
configure:13775: result: yes
configure:13775: checking limits.h presence
configure:13775: gcc -E  conftest.c
configure:13775: $? = 0
configure:13775: result: yes
configure:13775: checking for limits.h
configure:13775: result: yes
configure:13775: checking for sys/types.h
configure:13775: result: yes
configure:13775: checking for sys/stat.h
configure:13775: result: yes
configure:13775: checking dirent.h usability
configure:13775: gcc -c -g -O2  conftest.c >&5
configure:13775: $? = 0
configure:13775: result: yes
configure:13775: checking dirent.h presence
configure:13775: gcc -E  conftest.c
configure:13775: $? = 0
configure:13775: result: yes
configure:13775: checking for dirent.h
configure:13775: result: yes
configure:13787: checking windows.h usability
configure:13787: gcc -c -g -O2  conftest.c >&5
conftest.c:69:10: fatal error: windows.h: No such file or directory
   69 | #include <windows.h>
      |          ^~~~~~~~~~~
compilation terminated.
configure:13787: $? = 1
configure: failed program was:
| /* confdefs.h */
| #define PACKAGE_NAME "PCRE"
| #define PACKAGE_TARNAME "pcre"
| #define PACKAGE_VERSION "8.44"
| #define PACKAGE_STRING "PCRE 8.44"
| #define PACKAGE_BUGREPORT ""
| #define PACKAGE_URL ""
| #define PACKAGE "pcre"
| #define VERSION "8.44"
| #define STDC_HEADERS 1
| #define HAVE_SYS_TYPES_H 1
| #define HAVE_SYS_STAT_H 1
| #define HAVE_STDLIB_H 1
| #define HAVE_STRING_H 1
| #define HAVE_MEMORY_H 1
| #define HAVE_STRINGS_H 1
| #define HAVE_INTTYPES_H 1
| #define HAVE_STDINT_H 1
| #define HAVE_UNISTD_H 1
| #define HAVE_DLFCN_H 1
| #define LT_OBJDIR ".libs/"
| #define PCRE_EXP_DECL extern __attribute__ ((visibility ("default")))
| #define PCRE_EXP_DEFN __attribute__ ((visibility ("default")))
| #define PCRE_EXP_DATA_DEFN __attribute__ ((visibility ("default")))
| #define PCREPOSIX_EXP_DECL extern __attribute__ ((visibility ("default")))
| #define PCREPOSIX_EXP_DEFN extern __attribute__ ((visibility ("default")))
| #define PCRECPP_EXP_DECL extern __attribute__ ((visibility ("default")))
| #define PCRECPP_EXP_DEFN __attribute__ ((visibility ("default")))
| #define HAVE_VISIBILITY 1
| #define STDC_HEADERS 1
| #define HAVE_LIMITS_H 1
| #define HAVE_SYS_TYPES_H 1
| #define HAVE_SYS_STAT_H 1
| #define HAVE_DIRENT_H 1
| /* end confdefs.h.  */
| #include <stdio.h>
| #ifdef HAVE_SYS_TYPES_H
| # include <sys/types.h>
| #endif
| #ifdef HAVE_SYS_STAT_H
| # include <sys/stat.h>
| #endif
| #ifdef STDC_HEADERS
| # include <stdlib.h>
| # include <stddef.h>
| #else
| # ifdef HAVE_STDLIB_H
| #  include <stdlib.h>
| # endif
| #endif
| #ifdef HAVE_STRING_H
| # if !defined STDC_HEADERS && defined HAVE_MEMORY_H
| #  include <memory.h>
| # endif
| # include <string.h>
| #endif
| #ifdef HAVE_STRINGS_H
| # include <strings.h>
| #endif
| #ifdef HAVE_INTTYPES_H
| # include <inttypes.h>
| #endif
| #ifdef HAVE_STDINT_H
| # include <stdint.h>
| #endif
| #ifdef HAVE_UNISTD_H
| # include <unistd.h>
| #endif
| #include <windows.h>
configure:13787: result: no
configure:13787: checking windows.h presence
configure:13787: gcc -E  conftest.c
conftest.c:36:10: fatal error: windows.h: No such file or directory
   36 | #include <windows.h>
      |          ^~~~~~~~~~~
compilation terminated.
configure:13787: $? = 1
configure: failed program was:
| /* confdefs.h */
| #define PACKAGE_NAME "PCRE"
| #define PACKAGE_TARNAME "pcre"
| #define PACKAGE_VERSION "8.44"
| #define PACKAGE_STRING "PCRE 8.44"
| #define PACKAGE_BUGREPORT ""
| #define PACKAGE_URL ""
| #define PACKAGE "pcre"
| #define VERSION "8.44"
| #define STDC_HEADERS 1
| #define HAVE_SYS_TYPES_H 1
| #define HAVE_SYS_STAT_H 1
| #define HAVE_STDLIB_H 1
| #define HAVE_STRING_H 1
| #define HAVE_MEMORY_H 1
| #define HAVE_STRINGS_H 1
| #define HAVE_INTTYPES_H 1
| #define HAVE_STDINT_H 1
| #define HAVE_UNISTD_H 1
| #define HAVE_DLFCN_H 1
| #define LT_OBJDIR ".libs/"
| #define PCRE_EXP_DECL extern __attribute__ ((visibility ("default")))
| #define PCRE_EXP_DEFN __attribute__ ((visibility ("default")))
| #define PCRE_EXP_DATA_DEFN __attribute__ ((visibility ("default")))
| #define PCREPOSIX_EXP_DECL extern __attribute__ ((visibility ("default")))
| #define PCREPOSIX_EXP_DEFN extern __attribute__ ((visibility ("default")))
| #define PCRECPP_EXP_DECL extern __attribute__ ((visibility ("default")))
| #define PCRECPP_EXP_DEFN __attribute__ ((visibility ("default")))
| #define HAVE_VISIBILITY 1
| #define STDC_HEADERS 1
| #define HAVE_LIMITS_H 1
| #define HAVE_SYS_TYPES_H 1
| #define HAVE_SYS_STAT_H 1
| #define HAVE_DIRENT_H 1
| /* end confdefs.h.  */
| #include <windows.h>
configure:13787: result: no
configure:13787: checking for windows.h
configure:13787: result: no
configure:13823: checking for alias support in the linker
configure:13842: g++ -o conftest -O2   -Wl,-alias,__ZN7pcrecpp2RE6no_argE,__ZN7pcrecpp6no_argE conftest.cpp  >&5
/usr/bin/ld: unrecognized -a option `lias'
collect2: error: ld returned 1 exit status
configure:13842: $? = 1
configure: failed program was:
| /* confdefs.h */
| #define PACKAGE_NAME "PCRE"
| #define PACKAGE_TARNAME "pcre"
| #define PACKAGE_VERSION "8.44"
| #define PACKAGE_STRING "PCRE 8.44"
| #define PACKAGE_BUGREPORT ""
| #define PACKAGE_URL ""
| #define PACKAGE "pcre"
| #define VERSION "8.44"
| #define STDC_HEADERS 1
| #define HAVE_SYS_TYPES_H 1
| #define HAVE_SYS_STAT_H 1
| #define HAVE_STDLIB_H 1
| #define HAVE_STRING_H 1
| #define HAVE_MEMORY_H 1
| #define HAVE_STRINGS_H 1
| #define HAVE_INTTYPES_H 1
| #define HAVE_STDINT_H 1
| #define HAVE_UNISTD_H 1
| #define HAVE_DLFCN_H 1
| #define LT_OBJDIR ".libs/"
| #define PCRE_EXP_DECL extern __attribute__ ((visibility ("default")))
| #define PCRE_EXP_DEFN __attribute__ ((visibility ("default")))
| #define PCRE_EXP_DATA_DEFN __attribute__ ((visibility ("default")))
| #define PCREPOSIX_EXP_DECL extern __attribute__ ((visibility ("default")))
| #define PCREPOSIX_EXP_DEFN extern __attribute__ ((visibility ("default")))
| #define PCRECPP_EXP_DECL extern __attribute__ ((visibility ("default")))
| #define PCRECPP_EXP_DEFN __attribute__ ((visibility ("default")))
| #define HAVE_VISIBILITY 1
| #define STDC_HEADERS 1
| #define HAVE_LIMITS_H 1
| #define HAVE_SYS_TYPES_H 1
| #define HAVE_SYS_STAT_H 1
| #define HAVE_DIRENT_H 1
| /* end confdefs.h.  */
| namespace pcrecpp {
|                                     class RE { static int no_arg; };
|                                     int RE::no_arg;
|                                   }
| int
| main ()
| {
| 
|   ;
|   return 0;
| }
configure:13848: result: no
configure:13823: checking for alias support in the linker
configure:13842: g++ -o conftest -O2   -Wl,-i__ZN7pcrecpp6no_argE:__ZN7pcrecpp2RE6no_argE conftest.cpp  >&5
/usr/bin/ld: unrecognised option: -i__ZN7pcrecpp6no_argE:__ZN7pcrecpp2RE6no_argE
collect2: error: ld returned 1 exit status
configure:13842: $? = 1
configure: failed program was:
| /* confdefs.h */
| #define PACKAGE_NAME "PCRE"
| #define PACKAGE_TARNAME "pcre"
| #define PACKAGE_VERSION "8.44"
| #define PACKAGE_STRING "PCRE 8.44"
| #define PACKAGE_BUGREPORT ""
| #define PACKAGE_URL ""
| #define PACKAGE "pcre"
| #define VERSION "8.44"
| #define STDC_HEADERS 1
| #define HAVE_SYS_TYPES_H 1
| #define HAVE_SYS_STAT_H 1
| #define HAVE_STDLIB_H 1
| #define HAVE_STRING_H 1
| #define HAVE_MEMORY_H 1
| #define HAVE_STRINGS_H 1
| #define HAVE_INTTYPES_H 1
| #define HAVE_STDINT_H 1
| #define HAVE_UNISTD_H 1
| #define HAVE_DLFCN_H 1
| #define LT_OBJDIR ".libs/"
| #define PCRE_EXP_DECL extern __attribute__ ((visibility ("default")))
| #define PCRE_EXP_DEFN __attribute__ ((visibility ("default")))
| #define PCRE_EXP_DATA_DEFN __attribute__ ((visibility ("default")))
| #define PCREPOSIX_EXP_DECL extern __attribute__ ((visibility ("default")))
| #define PCREPOSIX_EXP_DEFN extern __attribute__ ((visibility ("default")))
| #define PCRECPP_EXP_DECL extern __attribute__ ((visibility ("default")))
| #define PCRECPP_EXP_DEFN __attribute__ ((visibility ("default")))
| #define HAVE_VISIBILITY 1
| #define STDC_HEADERS 1
| #define HAVE_LIMITS_H 1
| #define HAVE_SYS_TYPES_H 1
| #define HAVE_SYS_STAT_H 1
| #define HAVE_DIRENT_H 1
| /* end confdefs.h.  */
| namespace pcrecpp {
|                                     class RE { static int no_arg; };
|                                     int RE::no_arg;
|                                   }
| int
| main ()
| {
| 
|   ;
|   return 0;
| }
configure:13848: result: no
configure:13862: checking string usability
configure:13862: g++ -c -O2  conftest.cpp >&5
configure:13862: $? = 0
configure:13862: result: yes
configure:13862: checking string presence
configure:13862: g++ -E  conftest.cpp
configure:13862: $? = 0
configure:13862: result: yes
configure:13862: checking for string
configure:13862: result: yes
configure:13876: checking bits/type_traits.h usability
configure:13876: g++ -c -O2  conftest.cpp >&5
conftest.cpp:70:10: fatal error: bits/type_traits.h: No such file or directory
   70 | #include <bits/type_traits.h>
      |          ^~~~~~~~~~~~~~~~~~~~
compilation terminated.
configure:13876: $? = 1
configure: failed program was:
| /* confdefs.h */
| #define PACKAGE_NAME "PCRE"
| #define PACKAGE_TARNAME "pcre"
| #define PACKAGE_VERSION "8.44"
| #define PACKAGE_STRING "PCRE 8.44"
| #define PACKAGE_BUGREPORT ""
| #define PACKAGE_URL ""
| #define PACKAGE "pcre"
| #define VERSION "8.44"
| #define STDC_HEADERS 1
| #define HAVE_SYS_TYPES_H 1
| #define HAVE_SYS_STAT_H 1
| #define HAVE_STDLIB_H 1
| #define HAVE_STRING_H 1
| #define HAVE_MEMORY_H 1
| #define HAVE_STRINGS_H 1
| #define HAVE_INTTYPES_H 1
| #define HAVE_STDINT_H 1
| #define HAVE_UNISTD_H 1
| #define HAVE_DLFCN_H 1
| #define LT_OBJDIR ".libs/"
| #define PCRE_EXP_DECL extern __attribute__ ((visibility ("default")))
| #define PCRE_EXP_DEFN __attribute__ ((visibility ("default")))
| #define PCRE_EXP_DATA_DEFN __attribute__ ((visibility ("default")))
| #define PCREPOSIX_EXP_DECL extern __attribute__ ((visibility ("default")))
| #define PCREPOSIX_EXP_DEFN extern __attribute__ ((visibility ("default")))
| #define PCRECPP_EXP_DECL extern __attribute__ ((visibility ("default")))
| #define PCRECPP_EXP_DEFN __attribute__ ((visibility ("default")))
| #define HAVE_VISIBILITY 1
| #define STDC_HEADERS 1
| #define HAVE_LIMITS_H 1
| #define HAVE_SYS_TYPES_H 1
| #define HAVE_SYS_STAT_H 1
| #define HAVE_DIRENT_H 1
| #define HAVE_STRING 1
| /* end confdefs.h.  */
| #include <stdio.h>
| #ifdef HAVE_SYS_TYPES_H
| # include <sys/types.h>
| #endif
| #ifdef HAVE_SYS_STAT_H
| # include <sys/stat.h>
| #endif
| #ifdef STDC_HEADERS
| # include <stdlib.h>
| # include <stddef.h>
| #else
| # ifdef HAVE_STDLIB_H
| #  include <stdlib.h>
| # endif
| #endif
| #ifdef HAVE_STRING_H
| # if !defined STDC_HEADERS && defined HAVE_MEMORY_H
| #  include <memory.h>
| # endif
| # include <string.h>
| #endif
| #ifdef HAVE_STRINGS_H
| # include <strings.h>
| #endif
| #ifdef HAVE_INTTYPES_H
| # include <inttypes.h>
| #endif
| #ifdef HAVE_STDINT_H
| # include <stdint.h>
| #endif
| #ifdef HAVE_UNISTD_H
| # include <unistd.h>
| #endif
| #include <bits/type_traits.h>
configure:13876: result: no
configure:13876: checking bits/type_traits.h presence
configure:13876: g++ -E  conftest.cpp
conftest.cpp:37:10: fatal error: bits/type_traits.h: No such file or directory
   37 | #include <bits/type_traits.h>
      |          ^~~~~~~~~~~~~~~~~~~~
compilation terminated.
configure:13876: $? = 1
configure: failed program was:
| /* confdefs.h */
| #define PACKAGE_NAME "PCRE"
| #define PACKAGE_TARNAME "pcre"
| #define PACKAGE_VERSION "8.44"
| #define PACKAGE_STRING "PCRE 8.44"
| #define PACKAGE_BUGREPORT ""
| #define PACKAGE_URL ""
| #define PACKAGE "pcre"
| #define VERSION "8.44"
| #define STDC_HEADERS 1
| #define HAVE_SYS_TYPES_H 1
| #define HAVE_SYS_STAT_H 1
| #define HAVE_STDLIB_H 1
| #define HAVE_STRING_H 1
| #define HAVE_MEMORY_H 1
| #define HAVE_STRINGS_H 1
| #define HAVE_INTTYPES_H 1
| #define HAVE_STDINT_H 1
| #define HAVE_UNISTD_H 1
| #define HAVE_DLFCN_H 1
| #define LT_OBJDIR ".libs/"
| #define PCRE_EXP_DECL extern __attribute__ ((visibility ("default")))
| #define PCRE_EXP_DEFN __attribute__ ((visibility ("default")))
| #define PCRE_EXP_DATA_DEFN __attribute__ ((visibility ("default")))
| #define PCREPOSIX_EXP_DECL extern __attribute__ ((visibility ("default")))
| #define PCREPOSIX_EXP_DEFN extern __attribute__ ((visibility ("default")))
| #define PCRECPP_EXP_DECL extern __attribute__ ((visibility ("default")))
| #define PCRECPP_EXP_DEFN __attribute__ ((visibility ("default")))
| #define HAVE_VISIBILITY 1
| #define STDC_HEADERS 1
| #define HAVE_LIMITS_H 1
| #define HAVE_SYS_TYPES_H 1
| #define HAVE_SYS_STAT_H 1
| #define HAVE_DIRENT_H 1
| #define HAVE_STRING 1
| /* end confdefs.h.  */
| #include <bits/type_traits.h>
configure:13876: result: no
configure:13876: checking for bits/type_traits.h
configure:13876: result: no
configure:13890: checking type_traits.h usability
configure:13890: g++ -c -O2  conftest.cpp >&5
conftest.cpp:70:10: fatal error: type_traits.h: No such file or directory
   70 | #include <type_traits.h>
      |          ^~~~~~~~~~~~~~~
compilation terminated.
configure:13890: $? = 1
configure: failed program was:
| /* confdefs.h */
| #define PACKAGE_NAME "PCRE"
| #define PACKAGE_TARNAME "pcre"
| #define PACKAGE_VERSION "8.44"
| #define PACKAGE_STRING "PCRE 8.44"
| #define PACKAGE_BUGREPORT ""
| #define PACKAGE_URL ""
| #define PACKAGE "pcre"
| #define VERSION "8.44"
| #define STDC_HEADERS 1
| #define HAVE_SYS_TYPES_H 1
| #define HAVE_SYS_STAT_H 1
| #define HAVE_STDLIB_H 1
| #define HAVE_STRING_H 1
| #define HAVE_MEMORY_H 1
| #define HAVE_STRINGS_H 1
| #define HAVE_INTTYPES_H 1
| #define HAVE_STDINT_H 1
| #define HAVE_UNISTD_H 1
| #define HAVE_DLFCN_H 1
| #define LT_OBJDIR ".libs/"
| #define PCRE_EXP_DECL extern __attribute__ ((visibility ("default")))
| #define PCRE_EXP_DEFN __attribute__ ((visibility ("default")))
| #define PCRE_EXP_DATA_DEFN __attribute__ ((visibility ("default")))
| #define PCREPOSIX_EXP_DECL extern __attribute__ ((visibility ("default")))
| #define PCREPOSIX_EXP_DEFN extern __attribute__ ((visibility ("default")))
| #define PCRECPP_EXP_DECL extern __attribute__ ((visibility ("default")))
| #define PCRECPP_EXP_DEFN __attribute__ ((visibility ("default")))
| #define HAVE_VISIBILITY 1
| #define STDC_HEADERS 1
| #define HAVE_LIMITS_H 1
| #define HAVE_SYS_TYPES_H 1
| #define HAVE_SYS_STAT_H 1
| #define HAVE_DIRENT_H 1
| #define HAVE_STRING 1
| /* end confdefs.h.  */
| #include <stdio.h>
| #ifdef HAVE_SYS_TYPES_H
| # include <sys/types.h>
| #endif
| #ifdef HAVE_SYS_STAT_H
| # include <sys/stat.h>
| #endif
| #ifdef STDC_HEADERS
| # include <stdlib.h>
| # include <stddef.h>
| #else
| # ifdef HAVE_STDLIB_H
| #  include <stdlib.h>
| # endif
| #endif
| #ifdef HAVE_STRING_H
| # if !defined STDC_HEADERS && defined HAVE_MEMORY_H
| #  include <memory.h>
| # endif
| # include <string.h>
| #endif
| #ifdef HAVE_STRINGS_H
| # include <strings.h>
| #endif
| #ifdef HAVE_INTTYPES_H
| # include <inttypes.h>
| #endif
| #ifdef HAVE_STDINT_H
| # include <stdint.h>
| #endif
| #ifdef HAVE_UNISTD_H
| # include <unistd.h>
| #endif
| #include <type_traits.h>
configure:13890: result: no
configure:13890: checking type_traits.h presence
configure:13890: g++ -E  conftest.cpp
conftest.cpp:37:10: fatal error: type_traits.h: No such file or directory
   37 | #include <type_traits.h>
      |          ^~~~~~~~~~~~~~~
compilation terminated.
configure:13890: $? = 1
configure: failed program was:
| /* confdefs.h */
| #define PACKAGE_NAME "PCRE"
| #define PACKAGE_TARNAME "pcre"
| #define PACKAGE_VERSION "8.44"
| #define PACKAGE_STRING "PCRE 8.44"
| #define PACKAGE_BUGREPORT ""
| #define PACKAGE_URL ""
| #define PACKAGE "pcre"
| #define VERSION "8.44"
| #define STDC_HEADERS 1
| #define HAVE_SYS_TYPES_H 1
| #define HAVE_SYS_STAT_H 1
| #define HAVE_STDLIB_H 1
| #define HAVE_STRING_H 1
| #define HAVE_MEMORY_H 1
| #define HAVE_STRINGS_H 1
| #define HAVE_INTTYPES_H 1
| #define HAVE_STDINT_H 1
| #define HAVE_UNISTD_H 1
| #define HAVE_DLFCN_H 1
| #define LT_OBJDIR ".libs/"
| #define PCRE_EXP_DECL extern __attribute__ ((visibility ("default")))
| #define PCRE_EXP_DEFN __attribute__ ((visibility ("default")))
| #define PCRE_EXP_DATA_DEFN __attribute__ ((visibility ("default")))
| #define PCREPOSIX_EXP_DECL extern __attribute__ ((visibility ("default")))
| #define PCREPOSIX_EXP_DEFN extern __attribute__ ((visibility ("default")))
| #define PCRECPP_EXP_DECL extern __attribute__ ((visibility ("default")))
| #define PCRECPP_EXP_DEFN __attribute__ ((visibility ("default")))
| #define HAVE_VISIBILITY 1
| #define STDC_HEADERS 1
| #define HAVE_LIMITS_H 1
| #define HAVE_SYS_TYPES_H 1
| #define HAVE_SYS_STAT_H 1
| #define HAVE_DIRENT_H 1
| #define HAVE_STRING 1
| /* end confdefs.h.  */
| #include <type_traits.h>
configure:13890: result: no
configure:13890: checking for type_traits.h
configure:13890: result: no
configure:13916: checking for strtoq
configure:13934: g++ -c -O2  conftest.cpp >&5
configure:13934: $? = 0
configure:13935: result: yes
configure:13952: checking for long long
configure:13952: g++ -c -O2  conftest.cpp >&5
configure:13952: $? = 0
configure:13952: g++ -c -O2  conftest.cpp >&5
conftest.cpp: In function 'int main()':
conftest.cpp:74:14: error: expected primary-expression before 'long'
   74 | if (sizeof ((long long)))
      |              ^~~~
conftest.cpp:74:14: error: expected ')' before 'long'
   74 | if (sizeof ((long long)))
      |             ~^~~~
      |              )
conftest.cpp:75:14: error: expected ')' before ';' token
   75 |      return 0;
      |              ^
      |              )
conftest.cpp:74:12: note: to match this '('
   74 | if (sizeof ((long long)))
      |            ^
conftest.cpp:75:14: error: expected ')' before ';' token
   75 |      return 0;
      |              ^
      |              )
conftest.cpp:74:4: note: to match this '('
   74 | if (sizeof ((long long)))
      |    ^
configure:13952: $? = 1
configure: failed program was:
| /* confdefs.h */
| #define PACKAGE_NAME "PCRE"
| #define PACKAGE_TARNAME "pcre"
| #define PACKAGE_VERSION "8.44"
| #define PACKAGE_STRING "PCRE 8.44"
| #define PACKAGE_BUGREPORT ""
| #define PACKAGE_URL ""
| #define PACKAGE "pcre"
| #define VERSION "8.44"
| #define STDC_HEADERS 1
| #define HAVE_SYS_TYPES_H 1
| #define HAVE_SYS_STAT_H 1
| #define HAVE_STDLIB_H 1
| #define HAVE_STRING_H 1
| #define HAVE_MEMORY_H 1
| #define HAVE_STRINGS_H 1
| #define HAVE_INTTYPES_H 1
| #define HAVE_STDINT_H 1
| #define HAVE_UNISTD_H 1
| #define HAVE_DLFCN_H 1
| #define LT_OBJDIR ".libs/"
| #define PCRE_EXP_DECL extern __attribute__ ((visibility ("default")))
| #define PCRE_EXP_DEFN __attribute__ ((visibility ("default")))
| #define PCRE_EXP_DATA_DEFN __attribute__ ((visibility ("default")))
| #define PCREPOSIX_EXP_DECL extern __attribute__ ((visibility ("default")))
| #define PCREPOSIX_EXP_DEFN extern __attribute__ ((visibility ("default")))
| #define PCRECPP_EXP_DECL extern __attribute__ ((visibility ("default")))
| #define PCRECPP_EXP_DEFN __attribute__ ((visibility ("default")))
| #define HAVE_VISIBILITY 1
| #define STDC_HEADERS 1
| #define HAVE_LIMITS_H 1
| #define HAVE_SYS_TYPES_H 1
| #define HAVE_SYS_STAT_H 1
| #define HAVE_DIRENT_H 1
| #define HAVE_STRING 1
| #define HAVE_STRTOQ 1
| /* end confdefs.h.  */
| #include <stdio.h>
| #ifdef HAVE_SYS_TYPES_H
| # include <sys/types.h>
| #endif
| #ifdef HAVE_SYS_STAT_H
| # include <sys/stat.h>
| #endif
| #ifdef STDC_HEADERS
| # include <stdlib.h>
| # include <stddef.h>
| #else
| # ifdef HAVE_STDLIB_H
| #  include <stdlib.h>
| # endif
| #endif
| #ifdef HAVE_STRING_H
| # if !defined STDC_HEADERS && defined HAVE_MEMORY_H
| #  include <memory.h>
| # endif
| # include <string.h>
| #endif
| #ifdef HAVE_STRINGS_H
| # include <strings.h>
| #endif
| #ifdef HAVE_INTTYPES_H
| # include <inttypes.h>
| #endif
| #ifdef HAVE_STDINT_H
| # include <stdint.h>
| #endif
| #ifdef HAVE_UNISTD_H
| # include <unistd.h>
| #endif
| int
| main ()
| {
| if (sizeof ((long long)))
| 	    return 0;
|   ;
|   return 0;
| }
configure:13952: result: yes
configure:13964: checking for unsigned long long
configure:13964: g++ -c -O2  conftest.cpp >&5
configure:13964: $? = 0
configure:13964: g++ -c -O2  conftest.cpp >&5
conftest.cpp: In function 'int main()':
conftest.cpp:75:14: error: expected primary-expression before 'unsigned'
   75 | if (sizeof ((unsigned long long)))
      |              ^~~~~~~~
conftest.cpp:75:14: error: expected ')' before 'unsigned'
   75 | if (sizeof ((unsigned long long)))
      |             ~^~~~~~~~
      |              )
conftest.cpp:76:14: error: expected ')' before ';' token
   76 |      return 0;
      |              ^
      |              )
conftest.cpp:75:12: note: to match this '('
   75 | if (sizeof ((unsigned long long)))
      |            ^
conftest.cpp:76:14: error: expected ')' before ';' token
   76 |      return 0;
      |              ^
      |              )
conftest.cpp:75:4: note: to match this '('
   75 | if (sizeof ((unsigned long long)))
      |    ^
configure:13964: $? = 1
configure: failed program was:
| /* confdefs.h */
| #define PACKAGE_NAME "PCRE"
| #define PACKAGE_TARNAME "pcre"
| #define PACKAGE_VERSION "8.44"
| #define PACKAGE_STRING "PCRE 8.44"
| #define PACKAGE_BUGREPORT ""
| #define PACKAGE_URL ""
| #define PACKAGE "pcre"
| #define VERSION "8.44"
| #define STDC_HEADERS 1
| #define HAVE_SYS_TYPES_H 1
| #define HAVE_SYS_STAT_H 1
| #define HAVE_STDLIB_H 1
| #define HAVE_STRING_H 1
| #define HAVE_MEMORY_H 1
| #define HAVE_STRINGS_H 1
| #define HAVE_INTTYPES_H 1
| #define HAVE_STDINT_H 1
| #define HAVE_UNISTD_H 1
| #define HAVE_DLFCN_H 1
| #define LT_OBJDIR ".libs/"
| #define PCRE_EXP_DECL extern __attribute__ ((visibility ("default")))
| #define PCRE_EXP_DEFN __attribute__ ((visibility ("default")))
| #define PCRE_EXP_DATA_DEFN __attribute__ ((visibility ("default")))
| #define PCREPOSIX_EXP_DECL extern __attribute__ ((visibility ("default")))
| #define PCREPOSIX_EXP_DEFN extern __attribute__ ((visibility ("default")))
| #define PCRECPP_EXP_DECL extern __attribute__ ((visibility ("default")))
| #define PCRECPP_EXP_DEFN __attribute__ ((visibility ("default")))
| #define HAVE_VISIBILITY 1
| #define STDC_HEADERS 1
| #define HAVE_LIMITS_H 1
| #define HAVE_SYS_TYPES_H 1
| #define HAVE_SYS_STAT_H 1
| #define HAVE_DIRENT_H 1
| #define HAVE_STRING 1
| #define HAVE_STRTOQ 1
| #define HAVE_LONG_LONG 1
| /* end confdefs.h.  */
| #include <stdio.h>
| #ifdef HAVE_SYS_TYPES_H
| # include <sys/types.h>
| #endif
| #ifdef HAVE_SYS_STAT_H
| # include <sys/stat.h>
| #endif
| #ifdef STDC_HEADERS
| # include <stdlib.h>
| # include <stddef.h>
| #else
| # ifdef HAVE_STDLIB_H
| #  include <stdlib.h>
| # endif
| #endif
| #ifdef HAVE_STRING_H
| # if !defined STDC_HEADERS && defined HAVE_MEMORY_H
| #  include <memory.h>
| # endif
| # include <string.h>
| #endif
| #ifdef HAVE_STRINGS_H
| # include <strings.h>
| #endif
| #ifdef HAVE_INTTYPES_H
| # include <inttypes.h>
| #endif
| #ifdef HAVE_STDINT_H
| # include <stdint.h>
| #endif
| #ifdef HAVE_UNISTD_H
| # include <unistd.h>
| #endif
| int
| main ()
| {
| if (sizeof ((unsigned long long)))
| 	    return 0;
|   ;
|   return 0;
| }
configure:13964: result: yes
configure:14062: checking for an ANSI C-conforming const
configure:14128: gcc -c -g -O2  conftest.c >&5
configure:14128: $? = 0
configure:14135: result: yes
configure:14143: checking for size_t
configure:14143: gcc -c -g -O2  conftest.c >&5
configure:14143: $? = 0
configure:14143: gcc -c -g -O2  conftest.c >&5
conftest.c: In function 'main':
conftest.c:76:21: error: expected expression before ')' token
   76 | if (sizeof ((size_t)))
      |                     ^
configure:14143: $? = 1
configure: failed program was:
| /* confdefs.h */
| #define PACKAGE_NAME "PCRE"
| #define PACKAGE_TARNAME "pcre"
| #define PACKAGE_VERSION "8.44"
| #define PACKAGE_STRING "PCRE 8.44"
| #define PACKAGE_BUGREPORT ""
| #define PACKAGE_URL ""
| #define PACKAGE "pcre"
| #define VERSION "8.44"
| #define STDC_HEADERS 1
| #define HAVE_SYS_TYPES_H 1
| #define HAVE_SYS_STAT_H 1
| #define HAVE_STDLIB_H 1
| #define HAVE_STRING_H 1
| #define HAVE_MEMORY_H 1
| #define HAVE_STRINGS_H 1
| #define HAVE_INTTYPES_H 1
| #define HAVE_STDINT_H 1
| #define HAVE_UNISTD_H 1
| #define HAVE_DLFCN_H 1
| #define LT_OBJDIR ".libs/"
| #define PCRE_EXP_DECL extern __attribute__ ((visibility ("default")))
| #define PCRE_EXP_DEFN __attribute__ ((visibility ("default")))
| #define PCRE_EXP_DATA_DEFN __attribute__ ((visibility ("default")))
| #define PCREPOSIX_EXP_DECL extern __attribute__ ((visibility ("default")))
| #define PCREPOSIX_EXP_DEFN extern __attribute__ ((visibility ("default")))
| #define PCRECPP_EXP_DECL extern __attribute__ ((visibility ("default")))
| #define PCRECPP_EXP_DEFN __attribute__ ((visibility ("default")))
| #define HAVE_VISIBILITY 1
| #define STDC_HEADERS 1
| #define HAVE_LIMITS_H 1
| #define HAVE_SYS_TYPES_H 1
| #define HAVE_SYS_STAT_H 1
| #define HAVE_DIRENT_H 1
| #define HAVE_STRING 1
| #define HAVE_STRTOQ 1
| #define HAVE_LONG_LONG 1
| #define HAVE_UNSIGNED_LONG_LONG 1
| /* end confdefs.h.  */
| #include <stdio.h>
| #ifdef HAVE_SYS_TYPES_H
| # include <sys/types.h>
| #endif
| #ifdef HAVE_SYS_STAT_H
| # include <sys/stat.h>
| #endif
| #ifdef STDC_HEADERS
| # include <stdlib.h>
| # include <stddef.h>
| #else
| # ifdef HAVE_STDLIB_H
| #  include <stdlib.h>
| # endif
| #endif
| #ifdef HAVE_STRING_H
| # if !defined STDC_HEADERS && defined HAVE_MEMORY_H
| #  include <memory.h>
| # endif
| # include <string.h>
| #endif
| #ifdef HAVE_STRINGS_H
| # include <strings.h>
| #endif
| #ifdef HAVE_INTTYPES_H
| # include <inttypes.h>
| #endif
| #ifdef HAVE_STDINT_H
| # include <stdint.h>
| #endif
| #ifdef HAVE_UNISTD_H
| # include <unistd.h>
| #endif
| int
| main ()
| {
| if (sizeof ((size_t)))
| 	    return 0;
|   ;
|   return 0;
| }
configure:14143: result: yes
configure:14160: checking for bcopy
configure:14160: gcc -o conftest -g -O2   conftest.c  >&5
conftest.c:63:6: warning: conflicting types for built-in function 'bcopy'; expected 'void(const void *, void *, long unsigned int)' [-Wbuiltin-declaration-mismatch]
   63 | char bcopy ();
      |      ^~~~~
configure:14160: $? = 0
configure:14160: result: yes
configure:14160: checking for memmove
configure:14160: gcc -o conftest -g -O2   conftest.c  >&5
conftest.c:64:6: warning: conflicting types for built-in function 'memmove'; expected 'void *(void *, const void *, long unsigned int)' [-Wbuiltin-declaration-mismatch]
   64 | char memmove ();
      |      ^~~~~~~
conftest.c:52:1: note: 'memmove' is declared in header '<string.h>'
   51 | # include <limits.h>
   52 | #else
configure:14160: $? = 0
configure:14160: result: yes
configure:14160: checking for strerror
configure:14160: gcc -o conftest -g -O2   conftest.c  >&5
configure:14160: $? = 0
configure:14160: result: yes
configure:14174: checking zlib.h usability
configure:14174: gcc -c -g -O2  conftest.c >&5
conftest.c:76:10: fatal error: zlib.h: No such file or directory
   76 | #include <zlib.h>
      |          ^~~~~~~~
compilation terminated.
configure:14174: $? = 1
configure: failed program was:
| /* confdefs.h */
| #define PACKAGE_NAME "PCRE"
| #define PACKAGE_TARNAME "pcre"
| #define PACKAGE_VERSION "8.44"
| #define PACKAGE_STRING "PCRE 8.44"
| #define PACKAGE_BUGREPORT ""
| #define PACKAGE_URL ""
| #define PACKAGE "pcre"
| #define VERSION "8.44"
| #define STDC_HEADERS 1
| #define HAVE_SYS_TYPES_H 1
| #define HAVE_SYS_STAT_H 1
| #define HAVE_STDLIB_H 1
| #define HAVE_STRING_H 1
| #define HAVE_MEMORY_H 1
| #define HAVE_STRINGS_H 1
| #define HAVE_INTTYPES_H 1
| #define HAVE_STDINT_H 1
| #define HAVE_UNISTD_H 1
| #define HAVE_DLFCN_H 1
| #define LT_OBJDIR ".libs/"
| #define PCRE_EXP_DECL extern __attribute__ ((visibility ("default")))
| #define PCRE_EXP_DEFN __attribute__ ((visibility ("default")))
| #define PCRE_EXP_DATA_DEFN __attribute__ ((visibility ("default")))
| #define PCREPOSIX_EXP_DECL extern __attribute__ ((visibility ("default")))
| #define PCREPOSIX_EXP_DEFN extern __attribute__ ((visibility ("default")))
| #define PCRECPP_EXP_DECL extern __attribute__ ((visibility ("default")))
| #define PCRECPP_EXP_DEFN __attribute__ ((visibility ("default")))
| #define HAVE_VISIBILITY 1
| #define STDC_HEADERS 1
| #define HAVE_LIMITS_H 1
| #define HAVE_SYS_TYPES_H 1
| #define HAVE_SYS_STAT_H 1
| #define HAVE_DIRENT_H 1
| #define HAVE_STRING 1
| #define HAVE_STRTOQ 1
| #define HAVE_LONG_LONG 1
| #define HAVE_UNSIGNED_LONG_LONG 1
| #define HAVE_BCOPY 1
| #define HAVE_MEMMOVE 1
| #define HAVE_STRERROR 1
| /* end confdefs.h.  */
| #include <stdio.h>
| #ifdef HAVE_SYS_TYPES_H
| # include <sys/types.h>
| #endif
| #ifdef HAVE_SYS_STAT_H
| # include <sys/stat.h>
| #endif
| #ifdef STDC_HEADERS
| # include <stdlib.h>
| # include <stddef.h>
| #else
| # ifdef HAVE_STDLIB_H
| #  include <stdlib.h>
| # endif
| #endif
| #ifdef HAVE_STRING_H
| # if !defined STDC_HEADERS && defined HAVE_MEMORY_H
| #  include <memory.h>
| # endif
| # include <string.h>
| #endif
| #ifdef HAVE_STRINGS_H
| # include <strings.h>
| #endif
| #ifdef HAVE_INTTYPES_H
| # include <inttypes.h>
| #endif
| #ifdef HAVE_STDINT_H
| # include <stdint.h>
| #endif
| #ifdef HAVE_UNISTD_H
| # include <unistd.h>
| #endif
| #include <zlib.h>
configure:14174: result: no
configure:14174: checking zlib.h presence
configure:14174: gcc -E  conftest.c
conftest.c:43:10: fatal error: zlib.h: No such file or directory
   43 | #include <zlib.h>
      |          ^~~~~~~~
compilation terminated.
configure:14174: $? = 1
configure: failed program was:
| /* confdefs.h */
| #define PACKAGE_NAME "PCRE"
| #define PACKAGE_TARNAME "pcre"
| #define PACKAGE_VERSION "8.44"
| #define PACKAGE_STRING "PCRE 8.44"
| #define PACKAGE_BUGREPORT ""
| #define PACKAGE_URL ""
| #define PACKAGE "pcre"
| #define VERSION "8.44"
| #define STDC_HEADERS 1
| #define HAVE_SYS_TYPES_H 1
| #define HAVE_SYS_STAT_H 1
| #define HAVE_STDLIB_H 1
| #define HAVE_STRING_H 1
| #define HAVE_MEMORY_H 1
| #define HAVE_STRINGS_H 1
| #define HAVE_INTTYPES_H 1
| #define HAVE_STDINT_H 1
| #define HAVE_UNISTD_H 1
| #define HAVE_DLFCN_H 1
| #define LT_OBJDIR ".libs/"
| #define PCRE_EXP_DECL extern __attribute__ ((visibility ("default")))
| #define PCRE_EXP_DEFN __attribute__ ((visibility ("default")))
| #define PCRE_EXP_DATA_DEFN __attribute__ ((visibility ("default")))
| #define PCREPOSIX_EXP_DECL extern __attribute__ ((visibility ("default")))
| #define PCREPOSIX_EXP_DEFN extern __attribute__ ((visibility ("default")))
| #define PCRECPP_EXP_DECL extern __attribute__ ((visibility ("default")))
| #define PCRECPP_EXP_DEFN __attribute__ ((visibility ("default")))
| #define HAVE_VISIBILITY 1
| #define STDC_HEADERS 1
| #define HAVE_LIMITS_H 1
| #define HAVE_SYS_TYPES_H 1
| #define HAVE_SYS_STAT_H 1
| #define HAVE_DIRENT_H 1
| #define HAVE_STRING 1
| #define HAVE_STRTOQ 1
| #define HAVE_LONG_LONG 1
| #define HAVE_UNSIGNED_LONG_LONG 1
| #define HAVE_BCOPY 1
| #define HAVE_MEMMOVE 1
| #define HAVE_STRERROR 1
| /* end confdefs.h.  */
| #include <zlib.h>
configure:14174: result: no
configure:14174: checking for zlib.h
configure:14174: result: no
configure:14184: checking for gzopen in -lz
configure:14209: gcc -o conftest -g -O2   conftest.c -lz   >&5
/usr/bin/ld: cannot find -lz
collect2: error: ld returned 1 exit status
configure:14209: $? = 1
configure: failed program was:
| /* confdefs.h */
| #define PACKAGE_NAME "PCRE"
| #define PACKAGE_TARNAME "pcre"
| #define PACKAGE_VERSION "8.44"
| #define PACKAGE_STRING "PCRE 8.44"
| #define PACKAGE_BUGREPORT ""
| #define PACKAGE_URL ""
| #define PACKAGE "pcre"
| #define VERSION "8.44"
| #define STDC_HEADERS 1
| #define HAVE_SYS_TYPES_H 1
| #define HAVE_SYS_STAT_H 1
| #define HAVE_STDLIB_H 1
| #define HAVE_STRING_H 1
| #define HAVE_MEMORY_H 1
| #define HAVE_STRINGS_H 1
| #define HAVE_INTTYPES_H 1
| #define HAVE_STDINT_H 1
| #define HAVE_UNISTD_H 1
| #define HAVE_DLFCN_H 1
| #define LT_OBJDIR ".libs/"
| #define PCRE_EXP_DECL extern __attribute__ ((visibility ("default")))
| #define PCRE_EXP_DEFN __attribute__ ((visibility ("default")))
| #define PCRE_EXP_DATA_DEFN __attribute__ ((visibility ("default")))
| #define PCREPOSIX_EXP_DECL extern __attribute__ ((visibility ("default")))
| #define PCREPOSIX_EXP_DEFN extern __attribute__ ((visibility ("default")))
| #define PCRECPP_EXP_DECL extern __attribute__ ((visibility ("default")))
| #define PCRECPP_EXP_DEFN __attribute__ ((visibility ("default")))
| #define HAVE_VISIBILITY 1
| #define STDC_HEADERS 1
| #define HAVE_LIMITS_H 1
| #define HAVE_SYS_TYPES_H 1
| #define HAVE_SYS_STAT_H 1
| #define HAVE_DIRENT_H 1
| #define HAVE_STRING 1
| #define HAVE_STRTOQ 1
| #define HAVE_LONG_LONG 1
| #define HAVE_UNSIGNED_LONG_LONG 1
| #define HAVE_BCOPY 1
| #define HAVE_MEMMOVE 1
| #define HAVE_STRERROR 1
| /* end confdefs.h.  */
| 
| /* Override any GCC internal prototype to avoid an error.
|    Use char because int might match the return type of a GCC
|    builtin and then its argument prototype would still apply.  */
| #ifdef __cplusplus
| extern "C"
| #endif
| char gzopen ();
| int
| main ()
| {
| return gzopen ();
|   ;
|   return 0;
| }
configure:14218: result: no
configure:14243: checking bzlib.h usability
configure:14243: gcc -c -g -O2  conftest.c >&5
conftest.c:76:10: fatal error: bzlib.h: No such file or directory
   76 | #include <bzlib.h>
      |          ^~~~~~~~~
compilation terminated.
configure:14243: $? = 1
configure: failed program was:
| /* confdefs.h */
| #define PACKAGE_NAME "PCRE"
| #define PACKAGE_TARNAME "pcre"
| #define PACKAGE_VERSION "8.44"
| #define PACKAGE_STRING "PCRE 8.44"
| #define PACKAGE_BUGREPORT ""
| #define PACKAGE_URL ""
| #define PACKAGE "pcre"
| #define VERSION "8.44"
| #define STDC_HEADERS 1
| #define HAVE_SYS_TYPES_H 1
| #define HAVE_SYS_STAT_H 1
| #define HAVE_STDLIB_H 1
| #define HAVE_STRING_H 1
| #define HAVE_MEMORY_H 1
| #define HAVE_STRINGS_H 1
| #define HAVE_INTTYPES_H 1
| #define HAVE_STDINT_H 1
| #define HAVE_UNISTD_H 1
| #define HAVE_DLFCN_H 1
| #define LT_OBJDIR ".libs/"
| #define PCRE_EXP_DECL extern __attribute__ ((visibility ("default")))
| #define PCRE_EXP_DEFN __attribute__ ((visibility ("default")))
| #define PCRE_EXP_DATA_DEFN __attribute__ ((visibility ("default")))
| #define PCREPOSIX_EXP_DECL extern __attribute__ ((visibility ("default")))
| #define PCREPOSIX_EXP_DEFN extern __attribute__ ((visibility ("default")))
| #define PCRECPP_EXP_DECL extern __attribute__ ((visibility ("default")))
| #define PCRECPP_EXP_DEFN __attribute__ ((visibility ("default")))
| #define HAVE_VISIBILITY 1
| #define STDC_HEADERS 1
| #define HAVE_LIMITS_H 1
| #define HAVE_SYS_TYPES_H 1
| #define HAVE_SYS_STAT_H 1
| #define HAVE_DIRENT_H 1
| #define HAVE_STRING 1
| #define HAVE_STRTOQ 1
| #define HAVE_LONG_LONG 1
| #define HAVE_UNSIGNED_LONG_LONG 1
| #define HAVE_BCOPY 1
| #define HAVE_MEMMOVE 1
| #define HAVE_STRERROR 1
| /* end confdefs.h.  */
| #include <stdio.h>
| #ifdef HAVE_SYS_TYPES_H
| # include <sys/types.h>
| #endif
| #ifdef HAVE_SYS_STAT_H
| # include <sys/stat.h>
| #endif
| #ifdef STDC_HEADERS
| # include <stdlib.h>
| # include <stddef.h>
| #else
| # ifdef HAVE_STDLIB_H
| #  include <stdlib.h>
| # endif
| #endif
| #ifdef HAVE_STRING_H
| # if !defined STDC_HEADERS && defined HAVE_MEMORY_H
| #  include <memory.h>
| # endif
| # include <string.h>
| #endif
| #ifdef HAVE_STRINGS_H
| # include <strings.h>
| #endif
| #ifdef HAVE_INTTYPES_H
| # include <inttypes.h>
| #endif
| #ifdef HAVE_STDINT_H
| # include <stdint.h>
| #endif
| #ifdef HAVE_UNISTD_H
| # include <unistd.h>
| #endif
| #include <bzlib.h>
configure:14243: result: no
configure:14243: checking bzlib.h presence
configure:14243: gcc -E  conftest.c
conftest.c:43:10: fatal error: bzlib.h: No such file or directory
   43 | #include <bzlib.h>
      |          ^~~~~~~~~
compilation terminated.
configure:14243: $? = 1
configure: failed program was:
| /* confdefs.h */
| #define PACKAGE_NAME "PCRE"
| #define PACKAGE_TARNAME "pcre"
| #define PACKAGE_VERSION "8.44"
| #define PACKAGE_STRING "PCRE 8.44"
| #define PACKAGE_BUGREPORT ""
| #define PACKAGE_URL ""
| #define PACKAGE "pcre"
| #define VERSION "8.44"
| #define STDC_HEADERS 1
| #define HAVE_SYS_TYPES_H 1
| #define HAVE_SYS_STAT_H 1
| #define HAVE_STDLIB_H 1
| #define HAVE_STRING_H 1
| #define HAVE_MEMORY_H 1
| #define HAVE_STRINGS_H 1
| #define HAVE_INTTYPES_H 1
| #define HAVE_STDINT_H 1
| #define HAVE_UNISTD_H 1
| #define HAVE_DLFCN_H 1
| #define LT_OBJDIR ".libs/"
| #define PCRE_EXP_DECL extern __attribute__ ((visibility ("default")))
| #define PCRE_EXP_DEFN __attribute__ ((visibility ("default")))
| #define PCRE_EXP_DATA_DEFN __attribute__ ((visibility ("default")))
| #define PCREPOSIX_EXP_DECL extern __attribute__ ((visibility ("default")))
| #define PCREPOSIX_EXP_DEFN extern __attribute__ ((visibility ("default")))
| #define PCRECPP_EXP_DECL extern __attribute__ ((visibility ("default")))
| #define PCRECPP_EXP_DEFN __attribute__ ((visibility ("default")))
| #define HAVE_VISIBILITY 1
| #define STDC_HEADERS 1
| #define HAVE_LIMITS_H 1
| #define HAVE_SYS_TYPES_H 1
| #define HAVE_SYS_STAT_H 1
| #define HAVE_DIRENT_H 1
| #define HAVE_STRING 1
| #define HAVE_STRTOQ 1
| #define HAVE_LONG_LONG 1
| #define HAVE_UNSIGNED_LONG_LONG 1
| #define HAVE_BCOPY 1
| #define HAVE_MEMMOVE 1
| #define HAVE_STRERROR 1
| /* end confdefs.h.  */
| #include <bzlib.h>
configure:14243: result: no
configure:14243: checking for bzlib.h
configure:14243: result: no
configure:14258: checking for libbz2
configure:14276: gcc -o conftest -g -O2   conftest.c  -lbz2 >&5
conftest.c: In function 'main':
conftest.c:50:13: warning: implicit declaration of function 'BZ2_bzopen' [-Wimplicit-function-declaration]
   50 | return (int)BZ2_bzopen("conftest", "rb");
      |             ^~~~~~~~~~
/usr/bin/ld: cannot find -lbz2
collect2: error: ld returned 1 exit status
configure:14276: $? = 1
configure: failed program was:
| /* confdefs.h */
| #define PACKAGE_NAME "PCRE"
| #define PACKAGE_TARNAME "pcre"
| #define PACKAGE_VERSION "8.44"
| #define PACKAGE_STRING "PCRE 8.44"
| #define PACKAGE_BUGREPORT ""
| #define PACKAGE_URL ""
| #define PACKAGE "pcre"
| #define VERSION "8.44"
| #define STDC_HEADERS 1
| #define HAVE_SYS_TYPES_H 1
| #define HAVE_SYS_STAT_H 1
| #define HAVE_STDLIB_H 1
| #define HAVE_STRING_H 1
| #define HAVE_MEMORY_H 1
| #define HAVE_STRINGS_H 1
| #define HAVE_INTTYPES_H 1
| #define HAVE_STDINT_H 1
| #define HAVE_UNISTD_H 1
| #define HAVE_DLFCN_H 1
| #define LT_OBJDIR ".libs/"
| #define PCRE_EXP_DECL extern __attribute__ ((visibility ("default")))
| #define PCRE_EXP_DEFN __attribute__ ((visibility ("default")))
| #define PCRE_EXP_DATA_DEFN __attribute__ ((visibility ("default")))
| #define PCREPOSIX_EXP_DECL extern __attribute__ ((visibility ("default")))
| #define PCREPOSIX_EXP_DEFN extern __attribute__ ((visibility ("default")))
| #define PCRECPP_EXP_DECL extern __attribute__ ((visibility ("default")))
| #define PCRECPP_EXP_DEFN __attribute__ ((visibility ("default")))
| #define HAVE_VISIBILITY 1
| #define STDC_HEADERS 1
| #define HAVE_LIMITS_H 1
| #define HAVE_SYS_TYPES_H 1
| #define HAVE_SYS_STAT_H 1
| #define HAVE_DIRENT_H 1
| #define HAVE_STRING 1
| #define HAVE_STRTOQ 1
| #define HAVE_LONG_LONG 1
| #define HAVE_UNSIGNED_LONG_LONG 1
| #define HAVE_BCOPY 1
| #define HAVE_MEMMOVE 1
| #define HAVE_STRERROR 1
| /* end confdefs.h.  */
| 
| #ifdef HAVE_BZLIB_H
| #include <bzlib.h>
| #endif
| int
| main ()
| {
| return (int)BZ2_bzopen("conftest", "rb");
|   ;
|   return 0;
| }
configure:14280: result: no
configure:15635: checking that generated files are newer than configure
configure:15641: result: done
configure:15708: creating ./config.status

## ---------------- ##
## Cache variables. ##
## ---------------- ##

ac_cv_build=x86_64-pc-linux-gnu
ac_cv_c_compiler_gnu=yes
ac_cv_c_const=yes
ac_cv_c_int64_t=yes
ac_cv_cxx_compiler_gnu=yes
ac_cv_env_CCC_set=
ac_cv_env_CCC_value=
ac_cv_env_CC_set=
ac_cv_env_CC_value=
ac_cv_env_CFLAGS_set=
ac_cv_env_CFLAGS_value=
ac_cv_env_CPPFLAGS_set=
ac_cv_env_CPPFLAGS_value=
ac_cv_env_CPP_set=
ac_cv_env_CPP_value=
ac_cv_env_CXXCPP_set=
ac_cv_env_CXXCPP_value=
ac_cv_env_CXXFLAGS_set=
ac_cv_env_CXXFLAGS_value=
ac_cv_env_CXX_set=
ac_cv_env_CXX_value=
ac_cv_env_GENHTML_set=
ac_cv_env_GENHTML_value=
ac_cv_env_LCOV_set=
ac_cv_env_LCOV_value=
ac_cv_env_LDFLAGS_set=
ac_cv_env_LDFLAGS_value=
ac_cv_env_LIBS_set=
ac_cv_env_LIBS_value=
ac_cv_env_LT_SYS_LIBRARY_PATH_set=
ac_cv_env_LT_SYS_LIBRARY_PATH_value=
ac_cv_env_build_alias_set=
ac_cv_env_build_alias_value=
ac_cv_env_host_alias_set=
ac_cv_env_host_alias_value=
ac_cv_env_target_alias_set=
ac_cv_env_target_alias_value=
ac_cv_func_bcopy=yes
ac_cv_func_memmove=yes
ac_cv_func_strerror=yes
ac_cv_header_bits_type_traits_h=no
ac_cv_header_bzlib_h=no
ac_cv_header_dirent_h=yes
ac_cv_header_dlfcn_h=yes
ac_cv_header_inttypes_h=yes
ac_cv_header_limits_h=yes
ac_cv_header_memory_h=yes
ac_cv_header_stdc=yes
ac_cv_header_stdint_h=yes
ac_cv_header_stdlib_h=yes
ac_cv_header_string=yes
ac_cv_header_string_h=yes
ac_cv_header_strings_h=yes
ac_cv_header_sys_stat_h=yes
ac_cv_header_sys_types_h=yes
ac_cv_header_type_traits_h=no
ac_cv_header_unistd_h=yes
ac_cv_header_windows_h=no
ac_cv_header_zlib_h=no
ac_cv_host=x86_64-pc-linux-gnu
ac_cv_lib_z_gzopen=no
ac_cv_objext=o
ac_cv_path_EGREP='/usr/bin/grep -E'
ac_cv_path_FGREP='/usr/bin/grep -F'
ac_cv_path_GREP=/usr/bin/grep
ac_cv_path_SED=/usr/bin/sed
ac_cv_path_install='/usr/bin/install -c'
ac_cv_path_lt_DD=/usr/bin/dd
ac_cv_path_mkdir=/usr/bin/mkdir
ac_cv_prog_AWK=gawk
ac_cv_prog_CPP='gcc -E'
ac_cv_prog_CXXCPP='g++ -E'
ac_cv_prog_ac_ct_AR=ar
ac_cv_prog_ac_ct_CC=gcc
ac_cv_prog_ac_ct_CXX=g++
ac_cv_prog_ac_ct_DLLTOOL=dlltool
ac_cv_prog_ac_ct_MANIFEST_TOOL=mt
ac_cv_prog_ac_ct_OBJDUMP=objdump
ac_cv_prog_ac_ct_RANLIB=ranlib
ac_cv_prog_ac_ct_STRIP=strip
ac_cv_prog_cc_c89=
ac_cv_prog_cc_g=yes
ac_cv_prog_cxx_g=yes
ac_cv_prog_make_make_set=yes
ac_cv_type_long_long=yes
ac_cv_type_size_t=yes
ac_cv_type_unsigned_long_long=yes
am_cv_CC_dependencies_compiler_type=gcc3
am_cv_CXX_dependencies_compiler_type=gcc3
am_cv_ar_interface=ar
am_cv_make_support_nested_variables=yes
am_cv_prog_cc_c_o=yes
lt_cv_ar_at_file=@
lt_cv_archive_cmds_need_lc=no
lt_cv_deplibs_check_method=pass_all
lt_cv_file_magic_cmd='$MAGIC_CMD'
lt_cv_file_magic_test_file=
lt_cv_ld_reload_flag=-r
lt_cv_nm_interface='BSD nm'
lt_cv_objdir=.libs
lt_cv_path_LD=/usr/bin/ld
lt_cv_path_LDCXX='/usr/bin/ld -m elf_x86_64'
lt_cv_path_NM='/usr/bin/nm -B'
lt_cv_path_mainfest_tool=no
lt_cv_prog_compiler_c_o=yes
lt_cv_prog_compiler_c_o_CXX=yes
lt_cv_prog_compiler_pic='-fPIC -DPIC'
lt_cv_prog_compiler_pic_CXX='-fPIC -DPIC'
lt_cv_prog_compiler_pic_works=yes
lt_cv_prog_compiler_pic_works_CXX=yes
lt_cv_prog_compiler_rtti_exceptions=no
lt_cv_prog_compiler_static_works=yes
lt_cv_prog_compiler_static_works_CXX=yes
lt_cv_prog_gnu_ld=yes
lt_cv_prog_gnu_ldcxx=yes
lt_cv_sharedlib_from_linklib_cmd='printf %s\n'
lt_cv_shlibpath_overrides_runpath=yes
lt_cv_sys_global_symbol_pipe='sed -n -e '\''s/^.*[	 ]\([ABCDGIRSTW][ABCDGIRSTW]*\)[	 ][	 ]*\([_A-Za-z][_A-Za-z0-9]*\)$/\1 \2 \2/p'\'' | sed '\''/ __gnu_lto/d'\'''
lt_cv_sys_global_symbol_to_c_name_address='sed -n -e '\''s/^: \(.*\) .*$/  {"\1", (void *) 0},/p'\'' -e '\''s/^[ABCDGIRSTW][ABCDGIRSTW]* .* \(.*\)$/  {"\1", (void *) \&\1},/p'\'''
lt_cv_sys_global_symbol_to_c_name_address_lib_prefix='sed -n -e '\''s/^: \(.*\) .*$/  {"\1", (void *) 0},/p'\'' -e '\''s/^[ABCDGIRSTW][ABCDGIRSTW]* .* \(lib.*\)$/  {"\1", (void *) \&\1},/p'\'' -e '\''s/^[ABCDGIRSTW][ABCDGIRSTW]* .* \(.*\)$/  {"lib\1", (void *) \&\1},/p'\'''
lt_cv_sys_global_symbol_to_cdecl='sed -n -e '\''s/^T .* \(.*\)$/extern int \1();/p'\'' -e '\''s/^[ABCDGIRSTW][ABCDGIRSTW]* .* \(.*\)$/extern char \1;/p'\'''
lt_cv_sys_global_symbol_to_import=
lt_cv_sys_max_cmd_len=1572864
lt_cv_to_host_file_cmd=func_convert_file_noop
lt_cv_to_tool_file_cmd=func_convert_file_noop
lt_cv_truncate_bin='/usr/bin/dd bs=4096 count=1'
pcre_cv_cc_vis_werror=yes
pcre_cv_cc_visibility=yes

## ----------------- ##
## Output variables. ##
## ----------------- ##

ACLOCAL='${SHELL} /home/pcisse200/tools2021/pcre-8.44/missing aclocal-1.16'
AMDEPBACKSLASH='\'
AMDEP_FALSE='#'
AMDEP_TRUE=''
AMTAR='$${TAR-tar}'
AM_BACKSLASH='\'
AM_DEFAULT_V='$(AM_DEFAULT_VERBOSITY)'
AM_DEFAULT_VERBOSITY='0'
AM_V='$(V)'
AR='ar'
AS='as'
AUTOCONF='${SHELL} /home/pcisse200/tools2021/pcre-8.44/missing autoconf'
AUTOHEADER='${SHELL} /home/pcisse200/tools2021/pcre-8.44/missing autoheader'
AUTOMAKE='${SHELL} /home/pcisse200/tools2021/pcre-8.44/missing automake-1.16'
AWK='gawk'
CC='gcc'
CCDEPMODE='depmode=gcc3'
CFLAGS='-g -O2'
CPP='gcc -E'
CPPFLAGS=''
CXX='g++'
CXXCPP='g++ -E'
CXXDEPMODE='depmode=gcc3'
CXXFLAGS='-O2'
CYGPATH_W='echo'
DEFS='-DHAVE_CONFIG_H'
DEPDIR='.deps'
DISTCHECK_CONFIGURE_FLAGS='CFLAGS='\'''\'' CXXFLAGS='\'''\'' --enable-pcre16 --enable-pcre32 --enable-jit --enable-cpp --enable-unicode-properties'
DLLTOOL='dlltool'
DSYMUTIL=''
DUMPBIN=''
ECHO_C=''
ECHO_N='-n'
ECHO_T=''
EGREP='/usr/bin/grep -E'
EXEEXT=''
EXTRA_LIBPCRE16_LDFLAGS='                         -version-info 2:12:2'
EXTRA_LIBPCRE32_LDFLAGS='                         -version-info 0:12:0'
EXTRA_LIBPCRECPP_LDFLAGS='                            -version-info 0:2:0                           '
EXTRA_LIBPCREPOSIX_LDFLAGS='                              -version-info 0:7:0'
EXTRA_LIBPCRE_LDFLAGS='                         -version-info 3:12:2'
FGREP='/usr/bin/grep -F'
GCOV_CFLAGS=''
GCOV_CXXFLAGS=''
GCOV_LIBS=''
GENHTML=''
GREP='/usr/bin/grep'
HAVE_VISIBILITY='1'
INSTALL_DATA='${INSTALL} -m 644'
INSTALL_PROGRAM='${INSTALL}'
INSTALL_SCRIPT='${INSTALL}'
INSTALL_STRIP_PROGRAM='$(install_sh) -c -s'
LCOV=''
LD='/usr/bin/ld -m elf_x86_64'
LDFLAGS=''
LIBBZ2=''
LIBOBJS=''
LIBREADLINE=''
LIBS=''
LIBTOOL='$(SHELL) $(top_builddir)/libtool'
LIBZ=''
LIPO=''
LN_S='ln -s'
LTLIBOBJS=''
LT_SYS_LIBRARY_PATH=''
MAKEINFO='${SHELL} /home/pcisse200/tools2021/pcre-8.44/missing makeinfo'
MANIFEST_TOOL=':'
MKDIR_P='/usr/bin/mkdir -p'
NM='/usr/bin/nm -B'
NMEDIT=''
OBJDUMP='objdump'
OBJEXT='o'
OTOOL64=''
OTOOL=''
PACKAGE='pcre'
PACKAGE_BUGREPORT=''
PACKAGE_NAME='PCRE'
PACKAGE_STRING='PCRE 8.44'
PACKAGE_TARNAME='pcre'
PACKAGE_URL=''
PACKAGE_VERSION='8.44'
PATH_SEPARATOR=':'
PCRE_DATE='2020-02-12'
PCRE_MAJOR='8'
PCRE_MINOR='44'
PCRE_PRERELEASE=''
PCRE_STATIC_CFLAG=''
PTHREAD_CC=''
PTHREAD_CFLAGS=''
PTHREAD_LIBS=''
RANLIB='ranlib'
SED='/usr/bin/sed'
SET_MAKE=''
SHELL='/bin/bash'
SHTOOL=''
STRIP='strip'
VERSION='8.44'
VISIBILITY_CFLAGS='-fvisibility=hidden'
VISIBILITY_CXXFLAGS='-fvisibility=hidden -fvisibility-inlines-hidden'
WITH_GCOV_FALSE=''
WITH_GCOV_TRUE='#'
WITH_JIT_FALSE=''
WITH_JIT_TRUE='#'
WITH_PCRE16_FALSE=''
WITH_PCRE16_TRUE='#'
WITH_PCRE32_FALSE=''
WITH_PCRE32_TRUE='#'
WITH_PCRE8_FALSE='#'
WITH_PCRE8_TRUE=''
WITH_PCRE_CPP_FALSE='#'
WITH_PCRE_CPP_TRUE=''
WITH_REBUILD_CHARTABLES_FALSE=''
WITH_REBUILD_CHARTABLES_TRUE='#'
WITH_UTF_FALSE=''
WITH_UTF_TRUE='#'
WITH_VALGRIND_FALSE=''
WITH_VALGRIND_TRUE='#'
ac_ct_AR='ar'
ac_ct_CC='gcc'
ac_ct_CXX='g++'
ac_ct_DUMPBIN=''
am__EXEEXT_FALSE=''
am__EXEEXT_TRUE='#'
am__fastdepCC_FALSE='#'
am__fastdepCC_TRUE=''
am__fastdepCXX_FALSE='#'
am__fastdepCXX_TRUE=''
am__include='include'
am__isrc=''
am__leading_dot='.'
am__nodep='_no'
am__quote=''
am__tar='$${TAR-tar} chof - "$$tardir"'
am__untar='$${TAR-tar} xf -'
ax_pthread_config=''
bindir='${exec_prefix}/bin'
build='x86_64-pc-linux-gnu'
build_alias=''
build_cpu='x86_64'
build_os='linux-gnu'
build_vendor='pc'
datadir='${datarootdir}'
datarootdir='${prefix}/share'
docdir='${datarootdir}/doc/${PACKAGE_TARNAME}'
dvidir='${docdir}'
enable_cpp='yes'
enable_pcre16='no'
enable_pcre32='no'
enable_pcre8='yes'
exec_prefix='${prefix}'
host='x86_64-pc-linux-gnu'
host_alias=''
host_cpu='x86_64'
host_os='linux-gnu'
host_vendor='pc'
htmldir='${docdir}/html'
includedir='${prefix}/include'
infodir='${datarootdir}/info'
install_sh='${SHELL} /home/pcisse200/tools2021/pcre-8.44/install-sh'
libdir='${exec_prefix}/lib'
libexecdir='${exec_prefix}/libexec'
localedir='${datarootdir}/locale'
localstatedir='${prefix}/var'
mandir='${datarootdir}/man'
mkdir_p='$(MKDIR_P)'
oldincludedir='/usr/include'
pcre_have_bits_type_traits='0'
pcre_have_long_long='1'
pcre_have_type_traits='0'
pcre_have_ulong_long='1'
pdfdir='${docdir}'
prefix='/home/pcisse200/tools2021'
program_transform_name='s,x,x,'
psdir='${docdir}'
runstatedir='${localstatedir}/run'
sbindir='${exec_prefix}/sbin'
sharedstatedir='${prefix}/com'
sysconfdir='${prefix}/etc'
target_alias=''

## ----------- ##
## confdefs.h. ##
## ----------- ##

/* confdefs.h */
#define PACKAGE_NAME "PCRE"
#define PACKAGE_TARNAME "pcre"
#define PACKAGE_VERSION "8.44"
#define PACKAGE_STRING "PCRE 8.44"
#define PACKAGE_BUGREPORT ""
#define PACKAGE_URL ""
#define PACKAGE "pcre"
#define VERSION "8.44"
#define STDC_HEADERS 1
#define HAVE_SYS_TYPES_H 1
#define HAVE_SYS_STAT_H 1
#define HAVE_STDLIB_H 1
#define HAVE_STRING_H 1
#define HAVE_MEMORY_H 1
#define HAVE_STRINGS_H 1
#define HAVE_INTTYPES_H 1
#define HAVE_STDINT_H 1
#define HAVE_UNISTD_H 1
#define HAVE_DLFCN_H 1
#define LT_OBJDIR ".libs/"
#define PCRE_EXP_DECL extern __attribute__ ((visibility ("default")))
#define PCRE_EXP_DEFN __attribute__ ((visibility ("default")))
#define PCRE_EXP_DATA_DEFN __attribute__ ((visibility ("default")))
#define PCREPOSIX_EXP_DECL extern __attribute__ ((visibility ("default")))
#define PCREPOSIX_EXP_DEFN extern __attribute__ ((visibility ("default")))
#define PCRECPP_EXP_DECL extern __attribute__ ((visibility ("default")))
#define PCRECPP_EXP_DEFN __attribute__ ((visibility ("default")))
#define HAVE_VISIBILITY 1
#define STDC_HEADERS 1
#define HAVE_LIMITS_H 1
#define HAVE_SYS_TYPES_H 1
#define HAVE_SYS_STAT_H 1
#define HAVE_DIRENT_H 1
#define HAVE_STRING 1
#define HAVE_STRTOQ 1
#define HAVE_LONG_LONG 1
#define HAVE_UNSIGNED_LONG_LONG 1
#define HAVE_BCOPY 1
#define HAVE_MEMMOVE 1
#define HAVE_STRERROR 1
#define SUPPORT_PCRE8 /**/
#define PCREGREP_BUFSIZE 20480
#define NEWLINE 10
#define LINK_SIZE 2
#define POSIX_MALLOC_THRESHOLD 10
#define PARENS_NEST_LIMIT 250
#define MATCH_LIMIT 10000000
#define MATCH_LIMIT_RECURSION MATCH_LIMIT
#define MAX_NAME_SIZE 32
#define MAX_NAME_COUNT 10000

configure: exit 0

## ---------------------- ##
## Running config.status. ##
## ---------------------- ##

This file was extended by PCRE config.status 8.44, which was
generated by GNU Autoconf 2.69.  Invocation command line was

  CONFIG_FILES    = 
  CONFIG_HEADERS  = 
  CONFIG_LINKS    = 
  CONFIG_COMMANDS = 
  $ ./config.status 

on DESKTOP-PBP5JUE

config.status:1240: creating Makefile
config.status:1240: creating libpcre.pc
config.status:1240: creating libpcre16.pc
config.status:1240: creating libpcre32.pc
config.status:1240: creating libpcreposix.pc
config.status:1240: creating libpcrecpp.pc
config.status:1240: creating pcre-config
config.status:1240: creating pcre.h
config.status:1240: creating pcre_stringpiece.h
config.status:1240: creating pcrecpparg.h
config.status:1240: creating config.h
config.status:1421: config.h is unchanged
config.status:1469: executing depfiles commands
config.status:1546: cd .       && sed -e '/# am--include-marker/d' Makefile         | make -f - am--depfiles
make[1]: Entering directory '/home/pcisse200/tools2021/pcre-8.44'
make[1]: Nothing to be done for 'am--depfiles'.
make[1]: Leaving directory '/home/pcisse200/tools2021/pcre-8.44'
config.status:1551: $? = 0
config.status:1469: executing libtool commands
config.status:1469: executing script-chmod commands
config.status:1469: executing delete-old-chartables commands

## ---------------------- ##
## Running config.status. ##
## ---------------------- ##

This file was extended by PCRE config.status 8.44, which was
generated by GNU Autoconf 2.69.  Invocation command line was

  CONFIG_FILES    = 
  CONFIG_HEADERS  = 
  CONFIG_LINKS    = 
  CONFIG_COMMANDS = 
  $ ./config.status config.h

on DESKTOP-PBP5JUE

config.status:1240: creating config.h
config.status:1421: config.h is unchanged
